[2021-10-28 15:36:21.489] [exthost] [info] extension host started
[2021-10-28 15:36:21.566] [exthost] [info] ExtensionService#_doActivateExtension vscode.debug-auto-launch, startup: true, activationEvent: '*'
[2021-10-28 15:36:21.566] [exthost] [info] ExtensionService#loadCommonJSModule file:///usr/lib/code/extensions/debug-auto-launch/dist/extension
[2021-10-28 15:36:21.569] [exthost] [info] ExtensionService#_doActivateExtension vscode.git, startup: true, activationEvent: '*', root cause: vscode.github
[2021-10-28 15:36:21.569] [exthost] [info] ExtensionService#loadCommonJSModule file:///usr/lib/code/extensions/git/dist/main
[2021-10-28 15:36:21.629] [exthost] [info] ExtensionService#_doActivateExtension vscode.github, startup: true, activationEvent: '*'
[2021-10-28 15:36:21.629] [exthost] [info] ExtensionService#loadCommonJSModule file:///usr/lib/code/extensions/github/dist/extension.js
[2021-10-28 15:36:21.638] [exthost] [info] ExtensionService#_doActivateExtension ms-vscode.js-debug, startup: false, activationEvent: 'onCommand:extension.js-debug.clearAutoAttachVariables'
[2021-10-28 15:36:21.638] [exthost] [info] ExtensionService#loadCommonJSModule file:///usr/lib/code/extensions/ms-vscode.js-debug/src/extension.js
[2021-10-28 15:36:21.723] [exthost] [info] eager extensions activated
[2021-10-28 15:36:21.740] [exthost] [info] ExtensionService#_doActivateExtension vscode.emmet, startup: false, activationEvent: 'onStartupFinished'
[2021-10-28 15:36:21.740] [exthost] [info] ExtensionService#loadCommonJSModule file:///usr/lib/code/extensions/emmet/dist/node/emmetNodeMain
[2021-10-28 15:36:21.746] [exthost] [info] ExtensionService#_doActivateExtension vscode.merge-conflict, startup: false, activationEvent: 'onStartupFinished'
[2021-10-28 15:36:21.746] [exthost] [info] ExtensionService#loadCommonJSModule file:///usr/lib/code/extensions/merge-conflict/dist/mergeConflictMain
[2021-10-28 15:36:21.749] [exthost] [info] ExtensionService#_doActivateExtension esbenp.prettier-vscode, startup: false, activationEvent: 'onStartupFinished'
[2021-10-28 15:36:21.749] [exthost] [info] ExtensionService#loadCommonJSModule file:///home/vu/.vscode-oss/extensions/esbenp.prettier-vscode-9.0.0/dist/extension
[2021-10-28 15:59:13.329] [exthost] [info] ExtensionService#_doActivateExtension vscode.simple-browser, startup: false, activationEvent: 'onOpenExternalUri:https'
[2021-10-28 15:59:13.329] [exthost] [info] ExtensionService#loadCommonJSModule file:///usr/lib/code/extensions/simple-browser/dist/extension
[2021-10-28 16:02:26.952] [exthost] [info] extension host terminating: renderer closed the socket
[2021-10-28 16:02:27.957] [exthost] [info] exiting with code 0
