[2021-10-28 17:18:08.239] [settingssync] [info] Using settings sync service https://vscode-sync.trafficmanager.net/
[2021-10-28 17:18:08.239] [settingssync] [info] Auto Sync is enabled.
[2021-10-28 17:18:08.239] [settingssync] [info] Auto Sync: Suspended until auth token is available.
[2021-10-28 17:19:01.429] [settingssync] [info] Auto Sync: Started
[2021-10-28 17:19:01.430] [settingssync] [info] Auto Sync: Triggered by Interval
[2021-10-28 17:19:03.312] [settingssync] [info] Settings: No changes found during synchronizing settings.
[2021-10-28 17:19:03.322] [settingssync] [info] Keybindings: No changes found during synchronizing keybindings.
[2021-10-28 17:19:03.325] [settingssync] [info] Snippets: No changes found during synchronizing snippets.
[2021-10-28 17:19:05.477] [settingssync] [info] GlobalState: Updated remote ui state
[2021-10-28 17:19:05.485] [settingssync] [info] GlobalState: Updated last synchronized ui state
[2021-10-28 17:19:05.540] [settingssync] [info] Extensions: No changes found during synchronizing extensions.
[2021-10-28 17:19:05.540] [settingssync] [info] Sync done. Took 2261ms
[2021-10-28 17:19:05.541] [settingssync] [info] Auto Sync: Triggered by Activity
[2021-10-28 17:19:05.729] [settingssync] [info] Settings: No changes found during synchronizing settings.
[2021-10-28 17:19:05.731] [settingssync] [info] Keybindings: No changes found during synchronizing keybindings.
[2021-10-28 17:19:05.732] [settingssync] [info] Snippets: No changes found during synchronizing snippets.
[2021-10-28 17:19:05.739] [settingssync] [info] GlobalState: No changes found during synchronizing ui state.
[2021-10-28 17:19:05.780] [settingssync] [info] Extensions: No changes found during synchronizing extensions.
[2021-10-28 17:19:05.781] [settingssync] [info] Sync done. Took 68ms
[2021-10-28 17:19:16.888] [settingssync] [info] Auto Sync: Triggered by Activity
[2021-10-28 17:19:17.069] [settingssync] [info] Settings: No changes found during synchronizing settings.
[2021-10-28 17:19:17.082] [settingssync] [info] Keybindings: No changes found during synchronizing keybindings.
[2021-10-28 17:19:17.083] [settingssync] [info] Snippets: No changes found during synchronizing snippets.
[2021-10-28 17:19:19.201] [settingssync] [info] GlobalState: Updated remote ui state
[2021-10-28 17:19:19.219] [settingssync] [info] GlobalState: Updated last synchronized ui state
[2021-10-28 17:19:19.294] [settingssync] [info] Extensions: No changes found during synchronizing extensions.
[2021-10-28 17:19:19.297] [settingssync] [info] Sync done. Took 2237ms
[2021-10-28 17:19:19.301] [settingssync] [info] Auto Sync: Triggered by Activity
[2021-10-28 17:19:19.537] [settingssync] [info] Settings: No changes found during synchronizing settings.
[2021-10-28 17:19:19.541] [settingssync] [info] Keybindings: No changes found during synchronizing keybindings.
[2021-10-28 17:19:19.545] [settingssync] [info] Snippets: No changes found during synchronizing snippets.
[2021-10-28 17:19:19.933] [settingssync] [info] GlobalState: Updated remote ui state
[2021-10-28 17:19:19.942] [settingssync] [info] GlobalState: Updated last synchronized ui state
[2021-10-28 17:19:20.009] [settingssync] [info] Extensions: No changes found during synchronizing extensions.
[2021-10-28 17:19:20.011] [settingssync] [info] Sync done. Took 506ms
[2021-10-28 17:19:20.952] [settingssync] [info] Auto Sync: Triggered by Activity
[2021-10-28 17:19:21.120] [settingssync] [info] Settings: No changes found during synchronizing settings.
[2021-10-28 17:19:21.124] [settingssync] [info] Keybindings: No changes found during synchronizing keybindings.
[2021-10-28 17:19:21.128] [settingssync] [info] Snippets: No changes found during synchronizing snippets.
[2021-10-28 17:19:21.138] [settingssync] [info] GlobalState: No changes found during synchronizing ui state.
[2021-10-28 17:19:21.194] [settingssync] [info] Extensions: No changes found during synchronizing extensions.
[2021-10-28 17:19:21.194] [settingssync] [info] Sync done. Took 87ms
[2021-10-28 17:19:28.990] [settingssync] [info] Auto Sync: Triggered by Activity
[2021-10-28 17:19:29.220] [settingssync] [info] Settings: No changes found during synchronizing settings.
[2021-10-28 17:19:29.225] [settingssync] [info] Keybindings: No changes found during synchronizing keybindings.
[2021-10-28 17:19:29.228] [settingssync] [info] Snippets: No changes found during synchronizing snippets.
[2021-10-28 17:19:31.493] [settingssync] [info] GlobalState: Updated remote ui state
[2021-10-28 17:19:31.502] [settingssync] [info] GlobalState: Updated last synchronized ui state
[2021-10-28 17:19:31.549] [settingssync] [info] Extensions: No changes found during synchronizing extensions.
[2021-10-28 17:19:31.550] [settingssync] [info] Sync done. Took 2354ms
