[2021-10-29 17:16:44.518] [renderer1] [info] Starting extension host with pid 52925.
[2021-10-29 17:16:44.918] [renderer1] [error] [Extension Host] (node:52925) [DEP0005] DeprecationWarning: Buffer() is deprecated due to security and usability issues. Please use the Buffer.alloc(), Buffer.allocUnsafe(), or Buffer.from() methods instead.
(Use `code --trace-deprecation ...` to show where the warning was created)
[2021-10-29 17:16:47.784] [renderer1] [error] [Extension Host] validating /home/vu/.config/Code/User/globalStorage/tabnine.tabnine-vscode/binaries/3.7.25/x86_64-unknown-linux-musl/TabNine timeout
[2021-10-29 17:31:58.634] [renderer1] [error] [Extension Host] Error: Binary request timed out.
	at Timeout._onTimeout (/home/vu/.vscode/extensions/tabnine.tabnine-vscode-3.4.33/out/extension.js:17:7578)
	at listOnTimeout (internal/timers.js:554:17)
	at processTimers (internal/timers.js:497:7)
[2021-10-29 17:32:13.380] [renderer1] [error] [Extension Host] Error: Binary request timed out.
	at Timeout._onTimeout (/home/vu/.vscode/extensions/tabnine.tabnine-vscode-3.4.33/out/extension.js:17:7578)
	at listOnTimeout (internal/timers.js:554:17)
	at processTimers (internal/timers.js:497:7)
[2021-10-29 17:32:30.123] [renderer1] [error] [Extension Host] Error: Binary request timed out.
	at Timeout._onTimeout (/home/vu/.vscode/extensions/tabnine.tabnine-vscode-3.4.33/out/extension.js:17:7578)
	at listOnTimeout (internal/timers.js:554:17)
	at processTimers (internal/timers.js:497:7)
[2021-10-29 17:32:37.820] [renderer1] [error] [Extension Host] Error: Binary request timed out.
	at Timeout._onTimeout (/home/vu/.vscode/extensions/tabnine.tabnine-vscode-3.4.33/out/extension.js:17:7578)
	at listOnTimeout (internal/timers.js:554:17)
	at processTimers (internal/timers.js:497:7)
