[2021-10-28 18:52:06.887] [settingssync] [info] Using settings sync service https://vscode-sync.trafficmanager.net/
[2021-10-28 18:52:06.887] [settingssync] [info] Auto Sync is enabled.
[2021-10-28 18:52:06.887] [settingssync] [info] Auto Sync: Suspended until auth token is available.
[2021-10-28 18:52:12.582] [settingssync] [info] Auto Sync: Started
[2021-10-28 18:52:12.582] [settingssync] [info] Auto Sync: Triggered by Interval
[2021-10-28 18:52:13.923] [settingssync] [info] Settings: No changes found during synchronizing settings.
[2021-10-28 18:52:13.931] [settingssync] [info] Keybindings: No changes found during synchronizing keybindings.
[2021-10-28 18:52:13.933] [settingssync] [info] Snippets: No changes found during synchronizing snippets.
[2021-10-28 18:52:14.259] [settingssync] [info] GlobalState: Updated remote ui state
[2021-10-28 18:52:14.267] [settingssync] [info] GlobalState: Updated last synchronized ui state
[2021-10-28 18:52:14.350] [settingssync] [info] Extensions: No changes found during synchronizing extensions.
[2021-10-28 18:52:14.350] [settingssync] [info] Sync done. Took 436ms
[2021-10-28 18:53:45.561] [settingssync] [info] Auto Sync: Triggered by Activity
[2021-10-28 18:53:45.719] [settingssync] [info] Settings: No changes found during synchronizing settings.
[2021-10-28 18:53:45.721] [settingssync] [info] Keybindings: No changes found during synchronizing keybindings.
[2021-10-28 18:53:45.723] [settingssync] [info] Snippets: No changes found during synchronizing snippets.
[2021-10-28 18:53:45.732] [settingssync] [info] GlobalState: No changes found during synchronizing ui state.
[2021-10-28 18:53:45.782] [settingssync] [info] Extensions: No changes found during synchronizing extensions.
[2021-10-28 18:53:45.782] [settingssync] [info] Sync done. Took 87ms
[2021-10-28 18:54:09.434] [settingssync] [info] Auto Sync: Triggered by Activity
[2021-10-28 18:54:09.596] [settingssync] [info] Settings: No changes found during synchronizing settings.
[2021-10-28 18:54:09.602] [settingssync] [info] Keybindings: No changes found during synchronizing keybindings.
[2021-10-28 18:54:09.610] [settingssync] [info] Snippets: No changes found during synchronizing snippets.
[2021-10-28 18:54:09.631] [settingssync] [info] GlobalState: No changes found during synchronizing ui state.
[2021-10-28 18:54:09.678] [settingssync] [info] Extensions: No changes found during synchronizing extensions.
[2021-10-28 18:54:09.680] [settingssync] [info] Sync done. Took 96ms
[2021-10-28 18:55:07.028] [settingssync] [info] Auto Sync: Triggered by Activity
[2021-10-28 18:55:07.216] [settingssync] [info] Settings: No changes found during synchronizing settings.
[2021-10-28 18:55:07.217] [settingssync] [info] Keybindings: No changes found during synchronizing keybindings.
[2021-10-28 18:55:07.218] [settingssync] [info] Snippets: No changes found during synchronizing snippets.
[2021-10-28 18:55:07.227] [settingssync] [info] GlobalState: No changes found during synchronizing ui state.
[2021-10-28 18:55:07.274] [settingssync] [info] Extensions: No changes found during synchronizing extensions.
[2021-10-28 18:55:07.274] [settingssync] [info] Sync done. Took 66ms
[2021-10-28 18:55:18.511] [settingssync] [info] Auto Sync: Triggered by Activity
[2021-10-28 18:55:18.769] [settingssync] [info] Settings: No changes found during synchronizing settings.
[2021-10-28 18:55:18.771] [settingssync] [info] Keybindings: No changes found during synchronizing keybindings.
[2021-10-28 18:55:18.772] [settingssync] [info] Snippets: No changes found during synchronizing snippets.
[2021-10-28 18:55:18.780] [settingssync] [info] GlobalState: No changes found during synchronizing ui state.
[2021-10-28 18:55:18.817] [settingssync] [info] Extensions: No changes found during synchronizing extensions.
[2021-10-28 18:55:18.819] [settingssync] [info] Sync done. Took 53ms
[2021-10-28 18:55:29.779] [settingssync] [info] Auto Sync: Triggered by Activity
[2021-10-28 18:55:29.961] [settingssync] [info] Settings: No changes found during synchronizing settings.
[2021-10-28 18:55:29.961] [settingssync] [info] Keybindings: No changes found during synchronizing keybindings.
[2021-10-28 18:55:29.961] [settingssync] [info] Snippets: No changes found during synchronizing snippets.
[2021-10-28 18:55:29.968] [settingssync] [info] GlobalState: No changes found during synchronizing ui state.
[2021-10-28 18:55:30.013] [settingssync] [info] Extensions: No changes found during synchronizing extensions.
[2021-10-28 18:55:30.014] [settingssync] [info] Sync done. Took 71ms
[2021-10-28 18:55:47.812] [settingssync] [info] Auto Sync: Triggered by Activity
[2021-10-28 18:55:47.970] [settingssync] [info] Settings: No changes found during synchronizing settings.
[2021-10-28 18:55:47.971] [settingssync] [info] Keybindings: No changes found during synchronizing keybindings.
[2021-10-28 18:55:47.971] [settingssync] [info] Snippets: No changes found during synchronizing snippets.
[2021-10-28 18:55:47.981] [settingssync] [info] GlobalState: No changes found during synchronizing ui state.
[2021-10-28 18:55:48.017] [settingssync] [info] Extensions: No changes found during synchronizing extensions.
[2021-10-28 18:55:48.017] [settingssync] [info] Sync done. Took 56ms
[2021-10-28 18:55:59.015] [settingssync] [info] Auto Sync: Triggered by Activity
[2021-10-28 18:55:59.192] [settingssync] [info] Settings: No changes found during synchronizing settings.
[2021-10-28 18:55:59.197] [settingssync] [info] Keybindings: No changes found during synchronizing keybindings.
[2021-10-28 18:55:59.201] [settingssync] [info] Snippets: No changes found during synchronizing snippets.
[2021-10-28 18:55:59.228] [settingssync] [info] GlobalState: No changes found during synchronizing ui state.
[2021-10-28 18:55:59.266] [settingssync] [info] Extensions: No changes found during synchronizing extensions.
[2021-10-28 18:55:59.267] [settingssync] [info] Sync done. Took 83ms
[2021-10-28 18:56:13.944] [settingssync] [info] Auto Sync: Triggered by Activity
[2021-10-28 18:56:14.189] [settingssync] [info] Settings: No changes found during synchronizing settings.
[2021-10-28 18:56:14.190] [settingssync] [info] Keybindings: No changes found during synchronizing keybindings.
[2021-10-28 18:56:14.191] [settingssync] [info] Snippets: No changes found during synchronizing snippets.
[2021-10-28 18:56:14.200] [settingssync] [info] GlobalState: No changes found during synchronizing ui state.
[2021-10-28 18:56:14.243] [settingssync] [info] Extensions: No changes found during synchronizing extensions.
[2021-10-28 18:56:14.243] [settingssync] [info] Sync done. Took 61ms
[2021-10-28 18:56:35.820] [settingssync] [info] Auto Sync: Triggered by Activity
[2021-10-28 18:56:35.982] [settingssync] [info] Settings: No changes found during synchronizing settings.
[2021-10-28 18:56:35.983] [settingssync] [info] Keybindings: No changes found during synchronizing keybindings.
[2021-10-28 18:56:35.984] [settingssync] [info] Snippets: No changes found during synchronizing snippets.
[2021-10-28 18:56:35.992] [settingssync] [info] GlobalState: No changes found during synchronizing ui state.
[2021-10-28 18:56:36.029] [settingssync] [info] Extensions: No changes found during synchronizing extensions.
[2021-10-28 18:56:36.030] [settingssync] [info] Sync done. Took 50ms
[2021-10-28 18:56:53.665] [settingssync] [info] Auto Sync: Triggered by Activity
[2021-10-28 18:56:53.911] [settingssync] [info] Settings: No changes found during synchronizing settings.
[2021-10-28 18:56:53.915] [settingssync] [info] Keybindings: No changes found during synchronizing keybindings.
[2021-10-28 18:56:53.919] [settingssync] [info] Snippets: No changes found during synchronizing snippets.
[2021-10-28 18:56:53.950] [settingssync] [info] GlobalState: No changes found during synchronizing ui state.
[2021-10-28 18:56:53.987] [settingssync] [info] Extensions: No changes found during synchronizing extensions.
[2021-10-28 18:56:53.988] [settingssync] [info] Sync done. Took 86ms
[2021-10-28 18:57:23.032] [settingssync] [info] Auto Sync: Triggered by Activity
[2021-10-28 18:57:23.363] [settingssync] [info] Settings: No changes found during synchronizing settings.
[2021-10-28 18:57:23.365] [settingssync] [info] Keybindings: No changes found during synchronizing keybindings.
[2021-10-28 18:57:23.366] [settingssync] [info] Snippets: No changes found during synchronizing snippets.
[2021-10-28 18:57:23.376] [settingssync] [info] GlobalState: No changes found during synchronizing ui state.
[2021-10-28 18:57:23.414] [settingssync] [info] Extensions: No changes found during synchronizing extensions.
[2021-10-28 18:57:23.415] [settingssync] [info] Sync done. Took 70ms
[2021-10-28 18:57:38.179] [settingssync] [info] Auto Sync: Triggered by Activity
[2021-10-28 18:57:38.645] [settingssync] [info] Settings: No changes found during synchronizing settings.
[2021-10-28 18:57:38.650] [settingssync] [info] Keybindings: No changes found during synchronizing keybindings.
[2021-10-28 18:57:38.654] [settingssync] [info] Snippets: No changes found during synchronizing snippets.
[2021-10-28 18:57:38.665] [settingssync] [info] GlobalState: No changes found during synchronizing ui state.
[2021-10-28 18:57:38.704] [settingssync] [info] Extensions: No changes found during synchronizing extensions.
[2021-10-28 18:57:38.704] [settingssync] [info] Sync done. Took 70ms
[2021-10-28 18:57:55.642] [settingssync] [info] Auto Sync: Triggered by Activity
[2021-10-28 18:57:55.930] [settingssync] [info] Settings: No changes found during synchronizing settings.
[2021-10-28 18:57:55.931] [settingssync] [info] Keybindings: No changes found during synchronizing keybindings.
[2021-10-28 18:57:55.932] [settingssync] [info] Snippets: No changes found during synchronizing snippets.
[2021-10-28 18:57:55.941] [settingssync] [info] GlobalState: No changes found during synchronizing ui state.
[2021-10-28 18:57:55.978] [settingssync] [info] Extensions: No changes found during synchronizing extensions.
[2021-10-28 18:57:55.979] [settingssync] [info] Sync done. Took 56ms
[2021-10-28 18:58:57.417] [settingssync] [info] Auto Sync: Triggered by Activity
[2021-10-28 18:58:58.355] [settingssync] [info] Settings: No changes found during synchronizing settings.
[2021-10-28 18:58:58.359] [settingssync] [info] Keybindings: No changes found during synchronizing keybindings.
[2021-10-28 18:58:58.361] [settingssync] [info] Snippets: No changes found during synchronizing snippets.
[2021-10-28 18:58:58.378] [settingssync] [info] GlobalState: No changes found during synchronizing ui state.
[2021-10-28 18:58:58.432] [settingssync] [info] Extensions: No changes found during synchronizing extensions.
[2021-10-28 18:58:58.432] [settingssync] [info] Sync done. Took 108ms
[2021-10-28 18:59:17.179] [settingssync] [info] Auto Sync: Triggered by Activity
[2021-10-28 18:59:17.981] [settingssync] [info] Settings: No changes found during synchronizing settings.
[2021-10-28 18:59:17.982] [settingssync] [info] Keybindings: No changes found during synchronizing keybindings.
[2021-10-28 18:59:17.983] [settingssync] [info] Snippets: No changes found during synchronizing snippets.
[2021-10-28 18:59:17.992] [settingssync] [info] GlobalState: No changes found during synchronizing ui state.
[2021-10-28 18:59:18.030] [settingssync] [info] Extensions: No changes found during synchronizing extensions.
[2021-10-28 18:59:18.031] [settingssync] [info] Sync done. Took 58ms
[2021-10-28 18:59:32.858] [settingssync] [info] Auto Sync: Triggered by Activity
[2021-10-28 18:59:33.447] [settingssync] [info] Settings: No changes found during synchronizing settings.
[2021-10-28 18:59:33.450] [settingssync] [info] Keybindings: No changes found during synchronizing keybindings.
[2021-10-28 18:59:33.453] [settingssync] [info] Snippets: No changes found during synchronizing snippets.
[2021-10-28 18:59:33.463] [settingssync] [info] GlobalState: No changes found during synchronizing ui state.
[2021-10-28 18:59:33.507] [settingssync] [info] Extensions: No changes found during synchronizing extensions.
[2021-10-28 18:59:33.508] [settingssync] [info] Sync done. Took 92ms
[2021-10-28 19:04:33.514] [settingssync] [info] Auto Sync: Triggered by Interval
[2021-10-28 19:04:34.674] [settingssync] [info] Settings: No changes found during synchronizing settings.
[2021-10-28 19:04:34.675] [settingssync] [info] Keybindings: No changes found during synchronizing keybindings.
[2021-10-28 19:04:34.676] [settingssync] [info] Snippets: No changes found during synchronizing snippets.
[2021-10-28 19:04:34.685] [settingssync] [info] GlobalState: No changes found during synchronizing ui state.
[2021-10-28 19:04:34.721] [settingssync] [info] Extensions: No changes found during synchronizing extensions.
[2021-10-28 19:04:34.721] [settingssync] [info] Sync done. Took 52ms
[2021-10-28 19:09:34.723] [settingssync] [info] Auto Sync: Triggered by Interval
[2021-10-28 19:09:35.295] [settingssync] [info] Settings: No changes found during synchronizing settings.
[2021-10-28 19:09:35.299] [settingssync] [info] Keybindings: No changes found during synchronizing keybindings.
[2021-10-28 19:09:35.303] [settingssync] [info] Snippets: No changes found during synchronizing snippets.
[2021-10-28 19:09:35.313] [settingssync] [info] GlobalState: No changes found during synchronizing ui state.
[2021-10-28 19:09:35.362] [settingssync] [info] Extensions: No changes found during synchronizing extensions.
[2021-10-28 19:09:35.362] [settingssync] [info] Sync done. Took 74ms
[2021-10-28 19:10:42.233] [settingssync] [info] Auto Sync: Triggered by Activity
[2021-10-28 19:10:42.464] [settingssync] [info] Settings: No changes found during synchronizing settings.
[2021-10-28 19:10:42.465] [settingssync] [info] Keybindings: No changes found during synchronizing keybindings.
[2021-10-28 19:10:42.466] [settingssync] [info] Snippets: No changes found during synchronizing snippets.
[2021-10-28 19:10:42.475] [settingssync] [info] GlobalState: No changes found during synchronizing ui state.
[2021-10-28 19:10:42.518] [settingssync] [info] Extensions: No changes found during synchronizing extensions.
[2021-10-28 19:10:42.519] [settingssync] [info] Sync done. Took 62ms
[2021-10-28 19:11:01.683] [settingssync] [info] Auto Sync: Triggered by Activity
[2021-10-28 19:11:01.934] [settingssync] [info] Settings: No changes found during synchronizing settings.
[2021-10-28 19:11:01.938] [settingssync] [info] Keybindings: No changes found during synchronizing keybindings.
[2021-10-28 19:11:01.943] [settingssync] [info] Snippets: No changes found during synchronizing snippets.
[2021-10-28 19:11:01.971] [settingssync] [info] GlobalState: No changes found during synchronizing ui state.
[2021-10-28 19:11:02.006] [settingssync] [info] Extensions: No changes found during synchronizing extensions.
[2021-10-28 19:11:02.006] [settingssync] [info] Sync done. Took 82ms
[2021-10-28 19:11:44.309] [settingssync] [info] Auto Sync: Triggered by Activity
[2021-10-28 19:11:44.476] [settingssync] [info] Settings: No changes found during synchronizing settings.
[2021-10-28 19:11:44.481] [settingssync] [info] Keybindings: No changes found during synchronizing keybindings.
[2021-10-28 19:11:44.484] [settingssync] [info] Snippets: No changes found during synchronizing snippets.
[2021-10-28 19:11:44.493] [settingssync] [info] GlobalState: No changes found during synchronizing ui state.
[2021-10-28 19:11:44.532] [settingssync] [info] Extensions: No changes found during synchronizing extensions.
[2021-10-28 19:11:44.534] [settingssync] [info] Sync done. Took 67ms
[2021-10-28 19:12:03.650] [settingssync] [info] Auto Sync: Triggered by Activity
[2021-10-28 19:12:03.999] [settingssync] [info] Settings: No changes found during synchronizing settings.
[2021-10-28 19:12:04.000] [settingssync] [info] Keybindings: No changes found during synchronizing keybindings.
[2021-10-28 19:12:04.001] [settingssync] [info] Snippets: No changes found during synchronizing snippets.
[2021-10-28 19:12:04.013] [settingssync] [info] GlobalState: No changes found during synchronizing ui state.
[2021-10-28 19:12:04.052] [settingssync] [info] Extensions: No changes found during synchronizing extensions.
[2021-10-28 19:12:04.052] [settingssync] [info] Sync done. Took 68ms
[2021-10-28 19:12:41.000] [settingssync] [info] Auto Sync: Triggered by Activity
[2021-10-28 19:12:41.196] [settingssync] [info] Settings: No changes found during synchronizing settings.
[2021-10-28 19:12:41.200] [settingssync] [info] Keybindings: No changes found during synchronizing keybindings.
[2021-10-28 19:12:41.204] [settingssync] [info] Snippets: No changes found during synchronizing snippets.
[2021-10-28 19:12:41.233] [settingssync] [info] GlobalState: No changes found during synchronizing ui state.
[2021-10-28 19:12:41.270] [settingssync] [info] Extensions: No changes found during synchronizing extensions.
[2021-10-28 19:12:41.271] [settingssync] [info] Sync done. Took 84ms
[2021-10-28 19:17:41.273] [settingssync] [info] Auto Sync: Triggered by Interval
[2021-10-28 19:17:41.747] [settingssync] [info] Settings: No changes found during synchronizing settings.
[2021-10-28 19:17:41.751] [settingssync] [info] Keybindings: No changes found during synchronizing keybindings.
[2021-10-28 19:17:41.754] [settingssync] [info] Snippets: No changes found during synchronizing snippets.
[2021-10-28 19:17:41.763] [settingssync] [info] GlobalState: No changes found during synchronizing ui state.
[2021-10-28 19:17:41.810] [settingssync] [info] Extensions: No changes found during synchronizing extensions.
[2021-10-28 19:17:41.811] [settingssync] [info] Sync done. Took 72ms
[2021-10-28 19:22:41.814] [settingssync] [info] Auto Sync: Triggered by Interval
[2021-10-28 19:22:42.458] [settingssync] [info] Settings: No changes found during synchronizing settings.
[2021-10-28 19:22:42.459] [settingssync] [info] Keybindings: No changes found during synchronizing keybindings.
[2021-10-28 19:22:42.460] [settingssync] [info] Snippets: No changes found during synchronizing snippets.
[2021-10-28 19:22:42.468] [settingssync] [info] GlobalState: No changes found during synchronizing ui state.
[2021-10-28 19:22:42.505] [settingssync] [info] Extensions: No changes found during synchronizing extensions.
[2021-10-28 19:22:42.505] [settingssync] [info] Sync done. Took 57ms
[2021-10-28 19:27:42.508] [settingssync] [info] Auto Sync: Triggered by Interval
[2021-10-28 19:27:43.577] [settingssync] [info] Settings: No changes found during synchronizing settings.
[2021-10-28 19:27:43.579] [settingssync] [info] Keybindings: No changes found during synchronizing keybindings.
[2021-10-28 19:27:43.581] [settingssync] [info] Snippets: No changes found during synchronizing snippets.
[2021-10-28 19:27:43.592] [settingssync] [info] GlobalState: No changes found during synchronizing ui state.
[2021-10-28 19:27:43.633] [settingssync] [info] Extensions: No changes found during synchronizing extensions.
[2021-10-28 19:27:43.634] [settingssync] [info] Sync done. Took 61ms
[2021-10-28 19:32:43.635] [settingssync] [info] Auto Sync: Triggered by Interval
[2021-10-28 19:32:44.110] [settingssync] [info] Settings: No changes found during synchronizing settings.
[2021-10-28 19:32:44.112] [settingssync] [info] Keybindings: No changes found during synchronizing keybindings.
[2021-10-28 19:32:44.113] [settingssync] [info] Snippets: No changes found during synchronizing snippets.
[2021-10-28 19:32:44.124] [settingssync] [info] GlobalState: No changes found during synchronizing ui state.
[2021-10-28 19:32:44.166] [settingssync] [info] Extensions: No changes found during synchronizing extensions.
[2021-10-28 19:32:44.167] [settingssync] [info] Sync done. Took 64ms
[2021-10-28 19:37:44.168] [settingssync] [info] Auto Sync: Triggered by Interval
[2021-10-28 19:37:44.769] [settingssync] [info] Settings: No changes found during synchronizing settings.
[2021-10-28 19:37:44.771] [settingssync] [info] Keybindings: No changes found during synchronizing keybindings.
[2021-10-28 19:37:44.772] [settingssync] [info] Snippets: No changes found during synchronizing snippets.
[2021-10-28 19:37:44.780] [settingssync] [info] GlobalState: No changes found during synchronizing ui state.
[2021-10-28 19:37:44.814] [settingssync] [info] Extensions: No changes found during synchronizing extensions.
[2021-10-28 19:37:44.814] [settingssync] [info] Sync done. Took 47ms
[2021-10-28 19:41:00.551] [settingssync] [info] Auto Sync: Triggered by Activity
[2021-10-28 19:41:00.991] [settingssync] [info] Settings: No changes found during synchronizing settings.
[2021-10-28 19:41:00.991] [settingssync] [info] Keybindings: No changes found during synchronizing keybindings.
[2021-10-28 19:41:00.992] [settingssync] [info] Snippets: No changes found during synchronizing snippets.
[2021-10-28 19:41:01.002] [settingssync] [info] GlobalState: No changes found during synchronizing ui state.
[2021-10-28 19:41:01.039] [settingssync] [info] Extensions: No changes found during synchronizing extensions.
[2021-10-28 19:41:01.041] [settingssync] [info] Sync done. Took 52ms
[2021-10-28 19:42:20.738] [settingssync] [info] Auto Sync: Triggered by Activity
[2021-10-28 19:42:20.931] [settingssync] [info] Settings: No changes found during synchronizing settings.
[2021-10-28 19:42:20.935] [settingssync] [info] Keybindings: No changes found during synchronizing keybindings.
[2021-10-28 19:42:20.936] [settingssync] [info] Snippets: No changes found during synchronizing snippets.
[2021-10-28 19:42:20.945] [settingssync] [info] GlobalState: No changes found during synchronizing ui state.
[2021-10-28 19:42:20.985] [settingssync] [info] Extensions: No changes found during synchronizing extensions.
[2021-10-28 19:42:20.986] [settingssync] [info] Sync done. Took 80ms
[2021-10-28 19:42:47.606] [settingssync] [info] Auto Sync: Triggered by Activity
[2021-10-28 19:42:47.857] [settingssync] [info] Settings: No changes found during synchronizing settings.
[2021-10-28 19:42:47.858] [settingssync] [info] Keybindings: No changes found during synchronizing keybindings.
[2021-10-28 19:42:47.858] [settingssync] [info] Snippets: No changes found during synchronizing snippets.
[2021-10-28 19:42:47.867] [settingssync] [info] GlobalState: No changes found during synchronizing ui state.
[2021-10-28 19:42:47.909] [settingssync] [info] Extensions: No changes found during synchronizing extensions.
[2021-10-28 19:42:47.910] [settingssync] [info] Sync done. Took 65ms
[2021-10-28 19:44:08.453] [settingssync] [info] Auto Sync: Triggered by Activity
[2021-10-28 19:44:08.612] [settingssync] [info] Settings: No changes found during synchronizing settings.
[2021-10-28 19:44:08.613] [settingssync] [info] Keybindings: No changes found during synchronizing keybindings.
[2021-10-28 19:44:08.614] [settingssync] [info] Snippets: No changes found during synchronizing snippets.
[2021-10-28 19:44:08.623] [settingssync] [info] GlobalState: No changes found during synchronizing ui state.
[2021-10-28 19:44:08.659] [settingssync] [info] Extensions: No changes found during synchronizing extensions.
[2021-10-28 19:44:08.660] [settingssync] [info] Sync done. Took 54ms
[2021-10-28 19:47:09.409] [settingssync] [info] Auto Sync: Triggered by Activity
[2021-10-28 19:47:10.589] [settingssync] [info] Settings: No changes found during synchronizing settings.
[2021-10-28 19:47:10.593] [settingssync] [info] Keybindings: No changes found during synchronizing keybindings.
[2021-10-28 19:47:10.594] [settingssync] [info] Snippets: No changes found during synchronizing snippets.
[2021-10-28 19:47:10.608] [settingssync] [info] GlobalState: No changes found during synchronizing ui state.
[2021-10-28 19:47:10.660] [settingssync] [info] Extensions: No changes found during synchronizing extensions.
[2021-10-28 19:47:10.660] [settingssync] [info] Sync done. Took 96ms
[2021-10-28 19:48:41.315] [settingssync] [info] Auto Sync: Triggered by Activity
[2021-10-28 19:48:41.452] [settingssync] [info] Settings: No changes found during synchronizing settings.
[2021-10-28 19:48:41.453] [settingssync] [info] Keybindings: No changes found during synchronizing keybindings.
[2021-10-28 19:48:41.454] [settingssync] [info] Snippets: No changes found during synchronizing snippets.
[2021-10-28 19:48:41.469] [settingssync] [info] GlobalState: No changes found during synchronizing ui state.
[2021-10-28 19:48:41.524] [settingssync] [info] Extensions: No changes found during synchronizing extensions.
[2021-10-28 19:48:41.525] [settingssync] [info] Sync done. Took 74ms
[2021-10-28 19:48:53.526] [settingssync] [info] Auto Sync: Triggered by Activity
[2021-10-28 19:48:53.652] [settingssync] [info] Settings: No changes found during synchronizing settings.
[2021-10-28 19:48:53.654] [settingssync] [info] Keybindings: No changes found during synchronizing keybindings.
[2021-10-28 19:48:53.654] [settingssync] [info] Snippets: No changes found during synchronizing snippets.
[2021-10-28 19:48:53.666] [settingssync] [info] GlobalState: No changes found during synchronizing ui state.
[2021-10-28 19:48:53.713] [settingssync] [info] Extensions: No changes found during synchronizing extensions.
[2021-10-28 19:48:53.719] [settingssync] [info] Sync done. Took 69ms
[2021-10-28 19:49:06.090] [settingssync] [info] Auto Sync: Triggered by Activity
[2021-10-28 19:49:06.241] [settingssync] [info] Settings: No changes found during synchronizing settings.
[2021-10-28 19:49:06.243] [settingssync] [info] Keybindings: No changes found during synchronizing keybindings.
[2021-10-28 19:49:06.244] [settingssync] [info] Snippets: No changes found during synchronizing snippets.
[2021-10-28 19:49:06.255] [settingssync] [info] GlobalState: No changes found during synchronizing ui state.
[2021-10-28 19:49:06.318] [settingssync] [info] Extensions: No changes found during synchronizing extensions.
[2021-10-28 19:49:06.319] [settingssync] [info] Sync done. Took 83ms
[2021-10-28 19:50:59.332] [settingssync] [info] Auto Sync: Triggered by Activity
[2021-10-28 19:50:59.676] [settingssync] [info] Settings: No changes found during synchronizing settings.
[2021-10-28 19:50:59.681] [settingssync] [info] Keybindings: No changes found during synchronizing keybindings.
[2021-10-28 19:50:59.684] [settingssync] [info] Snippets: No changes found during synchronizing snippets.
[2021-10-28 19:50:59.716] [settingssync] [info] GlobalState: No changes found during synchronizing ui state.
[2021-10-28 19:50:59.763] [settingssync] [info] Extensions: No changes found during synchronizing extensions.
[2021-10-28 19:50:59.764] [settingssync] [info] Sync done. Took 97ms
[2021-10-28 19:51:47.611] [settingssync] [info] Auto Sync: Triggered by Activity
[2021-10-28 19:51:47.756] [settingssync] [info] Settings: No changes found during synchronizing settings.
[2021-10-28 19:51:47.757] [settingssync] [info] Keybindings: No changes found during synchronizing keybindings.
[2021-10-28 19:51:47.758] [settingssync] [info] Snippets: No changes found during synchronizing snippets.
[2021-10-28 19:51:47.768] [settingssync] [info] GlobalState: No changes found during synchronizing ui state.
[2021-10-28 19:51:47.804] [settingssync] [info] Extensions: No changes found during synchronizing extensions.
[2021-10-28 19:51:47.805] [settingssync] [info] Sync done. Took 53ms
[2021-10-28 19:52:45.848] [settingssync] [info] Auto Sync: Triggered by Activity
[2021-10-28 19:52:46.468] [settingssync] [info] Settings: No changes found during synchronizing settings.
[2021-10-28 19:52:46.470] [settingssync] [info] Keybindings: No changes found during synchronizing keybindings.
[2021-10-28 19:52:46.470] [settingssync] [info] Snippets: No changes found during synchronizing snippets.
[2021-10-28 19:52:46.481] [settingssync] [info] GlobalState: No changes found during synchronizing ui state.
[2021-10-28 19:52:46.520] [settingssync] [info] Extensions: No changes found during synchronizing extensions.
[2021-10-28 19:52:46.521] [settingssync] [info] Sync done. Took 74ms
[2021-10-28 19:53:33.961] [settingssync] [info] Auto Sync: Triggered by Activity
[2021-10-28 19:53:34.250] [settingssync] [info] Settings: No changes found during synchronizing settings.
[2021-10-28 19:53:34.254] [settingssync] [info] Keybindings: No changes found during synchronizing keybindings.
[2021-10-28 19:53:34.258] [settingssync] [info] Snippets: No changes found during synchronizing snippets.
[2021-10-28 19:53:34.268] [settingssync] [info] GlobalState: No changes found during synchronizing ui state.
[2021-10-28 19:53:34.307] [settingssync] [info] Extensions: No changes found during synchronizing extensions.
[2021-10-28 19:53:34.308] [settingssync] [info] Sync done. Took 64ms
[2021-10-28 19:55:28.140] [settingssync] [info] Auto Sync: Triggered by Activity
[2021-10-28 19:55:28.310] [settingssync] [info] Settings: No changes found during synchronizing settings.
[2021-10-28 19:55:28.312] [settingssync] [info] Keybindings: No changes found during synchronizing keybindings.
[2021-10-28 19:55:28.314] [settingssync] [info] Snippets: No changes found during synchronizing snippets.
[2021-10-28 19:55:28.322] [settingssync] [info] GlobalState: No changes found during synchronizing ui state.
[2021-10-28 19:55:28.360] [settingssync] [info] Extensions: No changes found during synchronizing extensions.
[2021-10-28 19:55:28.362] [settingssync] [info] Sync done. Took 55ms
[2021-10-28 19:56:03.247] [settingssync] [info] Auto Sync: Triggered by Activity
[2021-10-28 19:56:03.430] [settingssync] [info] Settings: No changes found during synchronizing settings.
[2021-10-28 19:56:03.435] [settingssync] [info] Keybindings: No changes found during synchronizing keybindings.
[2021-10-28 19:56:03.438] [settingssync] [info] Snippets: No changes found during synchronizing snippets.
[2021-10-28 19:56:03.449] [settingssync] [info] GlobalState: No changes found during synchronizing ui state.
[2021-10-28 19:56:03.485] [settingssync] [info] Extensions: No changes found during synchronizing extensions.
[2021-10-28 19:56:03.485] [settingssync] [info] Sync done. Took 66ms
[2021-10-28 19:58:28.085] [settingssync] [info] Auto Sync: Triggered by Activity
[2021-10-28 19:58:28.490] [settingssync] [info] Settings: No changes found during synchronizing settings.
[2021-10-28 19:58:28.494] [settingssync] [info] Keybindings: No changes found during synchronizing keybindings.
[2021-10-28 19:58:28.499] [settingssync] [info] Snippets: No changes found during synchronizing snippets.
[2021-10-28 19:58:28.523] [settingssync] [info] GlobalState: No changes found during synchronizing ui state.
[2021-10-28 19:58:28.557] [settingssync] [info] Extensions: No changes found during synchronizing extensions.
[2021-10-28 19:58:28.558] [settingssync] [info] Sync done. Took 82ms
[2021-10-28 20:00:15.565] [settingssync] [info] Auto Sync: Triggered by Activity
[2021-10-28 20:00:17.223] [settingssync] [info] Settings: No changes found during synchronizing settings.
[2021-10-28 20:00:17.225] [settingssync] [info] Keybindings: No changes found during synchronizing keybindings.
[2021-10-28 20:00:17.226] [settingssync] [info] Snippets: No changes found during synchronizing snippets.
[2021-10-28 20:00:17.235] [settingssync] [info] GlobalState: No changes found during synchronizing ui state.
[2021-10-28 20:00:17.275] [settingssync] [info] Extensions: No changes found during synchronizing extensions.
[2021-10-28 20:00:17.275] [settingssync] [info] Sync done. Took 66ms
[2021-10-28 20:00:38.107] [settingssync] [info] Auto Sync: Triggered by Activity
[2021-10-28 20:00:38.473] [settingssync] [info] Settings: No changes found during synchronizing settings.
[2021-10-28 20:00:38.474] [settingssync] [info] Keybindings: No changes found during synchronizing keybindings.
[2021-10-28 20:00:38.475] [settingssync] [info] Snippets: No changes found during synchronizing snippets.
[2021-10-28 20:00:38.484] [settingssync] [info] GlobalState: No changes found during synchronizing ui state.
[2021-10-28 20:00:38.527] [settingssync] [info] Extensions: No changes found during synchronizing extensions.
[2021-10-28 20:00:38.527] [settingssync] [info] Sync done. Took 59ms
[2021-10-28 20:01:00.367] [settingssync] [info] Auto Sync: Triggered by Activity
[2021-10-28 20:01:00.528] [settingssync] [info] Settings: No changes found during synchronizing settings.
[2021-10-28 20:01:00.530] [settingssync] [info] Keybindings: No changes found during synchronizing keybindings.
[2021-10-28 20:01:00.531] [settingssync] [info] Snippets: No changes found during synchronizing snippets.
[2021-10-28 20:01:00.539] [settingssync] [info] GlobalState: No changes found during synchronizing ui state.
[2021-10-28 20:01:00.575] [settingssync] [info] Extensions: No changes found during synchronizing extensions.
[2021-10-28 20:01:00.577] [settingssync] [info] Sync done. Took 54ms
[2021-10-28 20:01:19.901] [settingssync] [info] Auto Sync: Triggered by Activity
[2021-10-28 20:01:20.065] [settingssync] [info] Settings: No changes found during synchronizing settings.
[2021-10-28 20:01:20.070] [settingssync] [info] Keybindings: No changes found during synchronizing keybindings.
[2021-10-28 20:01:20.074] [settingssync] [info] Snippets: No changes found during synchronizing snippets.
[2021-10-28 20:01:20.108] [settingssync] [info] GlobalState: No changes found during synchronizing ui state.
[2021-10-28 20:01:20.148] [settingssync] [info] Extensions: No changes found during synchronizing extensions.
[2021-10-28 20:01:20.148] [settingssync] [info] Sync done. Took 97ms
[2021-10-28 20:02:11.029] [settingssync] [info] Auto Sync: Triggered by Activity
[2021-10-28 20:02:11.222] [settingssync] [info] Settings: No changes found during synchronizing settings.
[2021-10-28 20:02:11.223] [settingssync] [info] Keybindings: No changes found during synchronizing keybindings.
[2021-10-28 20:02:11.224] [settingssync] [info] Snippets: No changes found during synchronizing snippets.
[2021-10-28 20:02:11.233] [settingssync] [info] GlobalState: No changes found during synchronizing ui state.
[2021-10-28 20:02:11.267] [settingssync] [info] Extensions: No changes found during synchronizing extensions.
[2021-10-28 20:02:11.267] [settingssync] [info] Sync done. Took 59ms
[2021-10-28 20:05:18.347] [settingssync] [info] Auto Sync: Triggered by Activity
[2021-10-28 20:05:19.500] [settingssync] [info] Settings: No changes found during synchronizing settings.
[2021-10-28 20:05:19.502] [settingssync] [info] Keybindings: No changes found during synchronizing keybindings.
[2021-10-28 20:05:19.502] [settingssync] [info] Snippets: No changes found during synchronizing snippets.
[2021-10-28 20:05:19.512] [settingssync] [info] GlobalState: No changes found during synchronizing ui state.
[2021-10-28 20:05:19.548] [settingssync] [info] Extensions: No changes found during synchronizing extensions.
[2021-10-28 20:05:19.550] [settingssync] [info] Sync done. Took 53ms
[2021-10-28 20:07:25.811] [settingssync] [info] Auto Sync: Triggered by Activity
[2021-10-28 20:07:25.958] [settingssync] [info] Settings: No changes found during synchronizing settings.
[2021-10-28 20:07:25.965] [settingssync] [info] Keybindings: No changes found during synchronizing keybindings.
[2021-10-28 20:07:25.971] [settingssync] [info] Snippets: No changes found during synchronizing snippets.
[2021-10-28 20:07:25.996] [settingssync] [info] GlobalState: No changes found during synchronizing ui state.
[2021-10-28 20:07:26.033] [settingssync] [info] Extensions: No changes found during synchronizing extensions.
[2021-10-28 20:07:26.034] [settingssync] [info] Sync done. Took 88ms
[2021-10-28 20:09:32.165] [settingssync] [info] Auto Sync: Triggered by Activity
[2021-10-28 20:09:32.299] [settingssync] [info] Settings: No changes found during synchronizing settings.
[2021-10-28 20:09:32.300] [settingssync] [info] Keybindings: No changes found during synchronizing keybindings.
[2021-10-28 20:09:32.301] [settingssync] [info] Snippets: No changes found during synchronizing snippets.
[2021-10-28 20:09:32.310] [settingssync] [info] GlobalState: No changes found during synchronizing ui state.
[2021-10-28 20:09:32.345] [settingssync] [info] Extensions: No changes found during synchronizing extensions.
[2021-10-28 20:09:32.346] [settingssync] [info] Sync done. Took 49ms
[2021-10-28 20:09:47.698] [settingssync] [info] Auto Sync: Triggered by Activity
[2021-10-28 20:09:47.921] [settingssync] [info] Settings: No changes found during synchronizing settings.
[2021-10-28 20:09:47.925] [settingssync] [info] Keybindings: No changes found during synchronizing keybindings.
[2021-10-28 20:09:47.928] [settingssync] [info] Snippets: No changes found during synchronizing snippets.
[2021-10-28 20:09:47.937] [settingssync] [info] GlobalState: No changes found during synchronizing ui state.
[2021-10-28 20:09:47.972] [settingssync] [info] Extensions: No changes found during synchronizing extensions.
[2021-10-28 20:09:47.974] [settingssync] [info] Sync done. Took 62ms
[2021-10-28 20:14:47.981] [settingssync] [info] Auto Sync: Triggered by Interval
[2021-10-28 20:14:48.690] [settingssync] [info] Settings: No changes found during synchronizing settings.
[2021-10-28 20:14:48.694] [settingssync] [info] Keybindings: No changes found during synchronizing keybindings.
[2021-10-28 20:14:48.699] [settingssync] [info] Snippets: No changes found during synchronizing snippets.
[2021-10-28 20:14:48.715] [settingssync] [info] GlobalState: No changes found during synchronizing ui state.
[2021-10-28 20:14:48.755] [settingssync] [info] Extensions: No changes found during synchronizing extensions.
[2021-10-28 20:14:48.755] [settingssync] [info] Sync done. Took 93ms
[2021-10-28 20:19:20.176] [settingssync] [info] Auto Sync: Triggered by Activity
[2021-10-28 20:19:20.587] [settingssync] [info] Settings: No changes found during synchronizing settings.
[2021-10-28 20:19:20.588] [settingssync] [info] Keybindings: No changes found during synchronizing keybindings.
[2021-10-28 20:19:20.589] [settingssync] [info] Snippets: No changes found during synchronizing snippets.
[2021-10-28 20:19:20.598] [settingssync] [info] GlobalState: No changes found during synchronizing ui state.
[2021-10-28 20:19:20.632] [settingssync] [info] Extensions: No changes found during synchronizing extensions.
[2021-10-28 20:19:20.632] [settingssync] [info] Sync done. Took 55ms
[2021-10-28 20:24:20.635] [settingssync] [info] Auto Sync: Triggered by Interval
[2021-10-28 20:24:21.599] [settingssync] [info] Settings: No changes found during synchronizing settings.
[2021-10-28 20:24:21.602] [settingssync] [info] Keybindings: No changes found during synchronizing keybindings.
[2021-10-28 20:24:21.604] [settingssync] [info] Snippets: No changes found during synchronizing snippets.
[2021-10-28 20:24:21.620] [settingssync] [info] GlobalState: No changes found during synchronizing ui state.
[2021-10-28 20:24:21.657] [settingssync] [info] Extensions: No changes found during synchronizing extensions.
[2021-10-28 20:24:21.657] [settingssync] [info] Sync done. Took 88ms
[2021-10-28 20:29:21.658] [settingssync] [info] Auto Sync: Triggered by Interval
[2021-10-28 20:29:22.125] [settingssync] [info] Settings: No changes found during synchronizing settings.
[2021-10-28 20:29:22.126] [settingssync] [info] Keybindings: No changes found during synchronizing keybindings.
[2021-10-28 20:29:22.127] [settingssync] [info] Snippets: No changes found during synchronizing snippets.
[2021-10-28 20:29:22.137] [settingssync] [info] GlobalState: No changes found during synchronizing ui state.
[2021-10-28 20:29:22.179] [settingssync] [info] Extensions: No changes found during synchronizing extensions.
[2021-10-28 20:29:22.179] [settingssync] [info] Sync done. Took 58ms
[2021-10-28 20:34:22.180] [settingssync] [info] Auto Sync: Triggered by Interval
[2021-10-28 20:34:22.965] [settingssync] [info] Settings: No changes found during synchronizing settings.
[2021-10-28 20:34:22.966] [settingssync] [info] Keybindings: No changes found during synchronizing keybindings.
[2021-10-28 20:34:22.967] [settingssync] [info] Snippets: No changes found during synchronizing snippets.
[2021-10-28 20:34:22.978] [settingssync] [info] GlobalState: No changes found during synchronizing ui state.
[2021-10-28 20:34:23.027] [settingssync] [info] Extensions: No changes found during synchronizing extensions.
[2021-10-28 20:34:23.028] [settingssync] [info] Sync done. Took 71ms
[2021-10-28 20:39:23.030] [settingssync] [info] Auto Sync: Triggered by Interval
[2021-10-28 20:39:23.548] [settingssync] [info] Settings: No changes found during synchronizing settings.
[2021-10-28 20:39:23.549] [settingssync] [info] Keybindings: No changes found during synchronizing keybindings.
[2021-10-28 20:39:23.550] [settingssync] [info] Snippets: No changes found during synchronizing snippets.
[2021-10-28 20:39:23.559] [settingssync] [info] GlobalState: No changes found during synchronizing ui state.
[2021-10-28 20:39:23.596] [settingssync] [info] Extensions: No changes found during synchronizing extensions.
[2021-10-28 20:39:23.596] [settingssync] [info] Sync done. Took 51ms
[2021-10-28 20:44:23.599] [settingssync] [info] Auto Sync: Triggered by Interval
[2021-10-28 20:44:24.893] [settingssync] [info] Settings: No changes found during synchronizing settings.
[2021-10-28 20:44:24.898] [settingssync] [info] Keybindings: No changes found during synchronizing keybindings.
[2021-10-28 20:44:24.902] [settingssync] [info] Snippets: No changes found during synchronizing snippets.
[2021-10-28 20:44:24.919] [settingssync] [info] GlobalState: No changes found during synchronizing ui state.
[2021-10-28 20:44:24.954] [settingssync] [info] Extensions: No changes found during synchronizing extensions.
[2021-10-28 20:44:24.956] [settingssync] [info] Sync done. Took 72ms
[2021-10-28 20:45:00.905] [settingssync] [info] Auto Sync: Triggered by Activity
[2021-10-28 20:45:01.060] [settingssync] [info] Settings: No changes found during synchronizing settings.
[2021-10-28 20:45:01.061] [settingssync] [info] Keybindings: No changes found during synchronizing keybindings.
[2021-10-28 20:45:01.062] [settingssync] [info] Snippets: No changes found during synchronizing snippets.
[2021-10-28 20:45:01.071] [settingssync] [info] GlobalState: No changes found during synchronizing ui state.
[2021-10-28 20:45:01.113] [settingssync] [info] Extensions: No changes found during synchronizing extensions.
[2021-10-28 20:45:01.113] [settingssync] [info] Sync done. Took 62ms
[2021-10-28 20:49:19.727] [settingssync] [info] Auto Sync: Triggered by Activity
[2021-10-28 20:49:20.200] [settingssync] [info] Settings: No changes found during synchronizing settings.
[2021-10-28 20:49:20.202] [settingssync] [info] Keybindings: No changes found during synchronizing keybindings.
[2021-10-28 20:49:20.203] [settingssync] [info] Snippets: No changes found during synchronizing snippets.
[2021-10-28 20:49:20.211] [settingssync] [info] GlobalState: No changes found during synchronizing ui state.
[2021-10-28 20:49:20.248] [settingssync] [info] Extensions: No changes found during synchronizing extensions.
[2021-10-28 20:49:20.249] [settingssync] [info] Sync done. Took 58ms
[2021-10-28 20:54:20.252] [settingssync] [info] Auto Sync: Triggered by Interval
[2021-10-28 20:54:25.897] [settingssync] [info] Settings: No changes found during synchronizing settings.
[2021-10-28 20:54:25.898] [settingssync] [info] Keybindings: No changes found during synchronizing keybindings.
[2021-10-28 20:54:25.899] [settingssync] [info] Snippets: No changes found during synchronizing snippets.
[2021-10-28 20:54:25.911] [settingssync] [info] GlobalState: No changes found during synchronizing ui state.
[2021-10-28 20:54:25.951] [settingssync] [info] Extensions: No changes found during synchronizing extensions.
[2021-10-28 20:54:25.951] [settingssync] [info] Sync done. Took 63ms
[2021-10-28 20:59:25.955] [settingssync] [info] Auto Sync: Triggered by Interval
[2021-10-28 20:59:26.658] [settingssync] [info] Settings: No changes found during synchronizing settings.
[2021-10-28 20:59:26.659] [settingssync] [info] Keybindings: No changes found during synchronizing keybindings.
[2021-10-28 20:59:26.660] [settingssync] [info] Snippets: No changes found during synchronizing snippets.
[2021-10-28 20:59:26.670] [settingssync] [info] GlobalState: No changes found during synchronizing ui state.
[2021-10-28 20:59:26.708] [settingssync] [info] Extensions: No changes found during synchronizing extensions.
[2021-10-28 20:59:26.710] [settingssync] [info] Sync done. Took 63ms
[2021-10-28 21:04:26.713] [settingssync] [info] Auto Sync: Triggered by Interval
[2021-10-28 21:04:27.276] [settingssync] [info] Settings: No changes found during synchronizing settings.
[2021-10-28 21:04:27.277] [settingssync] [info] Keybindings: No changes found during synchronizing keybindings.
[2021-10-28 21:04:27.279] [settingssync] [info] Snippets: No changes found during synchronizing snippets.
[2021-10-28 21:04:27.291] [settingssync] [info] GlobalState: No changes found during synchronizing ui state.
[2021-10-28 21:04:27.333] [settingssync] [info] Extensions: No changes found during synchronizing extensions.
[2021-10-28 21:04:27.333] [settingssync] [info] Sync done. Took 62ms
[2021-10-28 21:09:27.334] [settingssync] [info] Auto Sync: Triggered by Interval
[2021-10-28 21:09:27.782] [settingssync] [info] Settings: No changes found during synchronizing settings.
[2021-10-28 21:09:27.783] [settingssync] [info] Keybindings: No changes found during synchronizing keybindings.
[2021-10-28 21:09:27.783] [settingssync] [info] Snippets: No changes found during synchronizing snippets.
[2021-10-28 21:09:27.795] [settingssync] [info] GlobalState: No changes found during synchronizing ui state.
[2021-10-28 21:09:27.836] [settingssync] [info] Extensions: No changes found during synchronizing extensions.
[2021-10-28 21:09:27.838] [settingssync] [info] Sync done. Took 58ms
[2021-10-28 21:14:04.208] [settingssync] [info] Auto Sync: Triggered by Activity
