Info 2021-10-28 22:14:08: Experimentation service retrieved: [object Object]
User belongs to experiment group 'jupyterTest'
User belongs to experiment group 'jupyterEnhancedDataViewer'
Info 2021-10-28 22:14:08: ZMQ install verified.
Info 2021-10-28 22:14:15: Experiment status for python is {"enabled":true,"optInto":[],"optOutFrom":[]}
Info 2021-10-28 22:14:16: Process Execution: > /bin/python -m pip list
> /bin/python -m pip list
Info 2021-10-28 22:14:16: Process Execution: > /bin/python -m pip list
> /bin/python -m pip list
Info 2021-10-28 22:14:16: Process Execution: > /bin/python -c "import jupyter"
> /bin/python -c "import jupyter"
Info 2021-10-28 22:14:16: Process Execution: > /bin/python -c "import jupyter"
> /bin/python -c "import jupyter"
Info 2021-10-28 22:14:16: Process Execution: > /bin/python -c "import notebook"
> /bin/python -c "import notebook"
Info 2021-10-28 22:14:16: Process Execution: > /bin/python -c "import notebook"
> /bin/python -c "import notebook"
Info 2021-10-28 22:25:14: Shutting down notebooks for 97fda258-235b-4318-ad3a-c9588f652e16
Info 2021-10-28 22:25:14: Disposing HostJupyterExecution 46dc2ff2-e93e-4f76-9c1c-a7ef5c0e95be
Info 2021-10-28 22:25:14: Disposing super HostJupyterExecution 46dc2ff2-e93e-4f76-9c1c-a7ef5c0e95be
Info 2021-10-28 22:25:14: Disposing HostJupyterExecution 46dc2ff2-e93e-4f76-9c1c-a7ef5c0e95be
Info 2021-10-28 22:25:14: Finished disposing HostJupyterExecution  46dc2ff2-e93e-4f76-9c1c-a7ef5c0e95be
Info 2021-10-28 22:25:14: Cleaning up server cache 46dc2ff2-e93e-4f76-9c1c-a7ef5c0e95be
Info 2021-10-28 22:25:14: Finished disposing HostJupyterExecution  46dc2ff2-e93e-4f76-9c1c-a7ef5c0e95be
