[2021-10-29 07:59:52.368] [exthost] [info] extension host started
[2021-10-29 07:59:52.368] [exthost] [info] Skipping acquiring lock for /home/vu/.config/Code/User/workspaceStorage/2b724d2dd225f5757ac7297b95c2e2de.
[2021-10-29 07:59:52.427] [exthost] [info] ExtensionService#_doActivateExtension vscode.microsoft-authentication, startup: false, activationEvent: 'onAuthenticationRequest:microsoft'
[2021-10-29 07:59:52.427] [exthost] [info] ExtensionService#loadCommonJSModule file:///opt/visual-studio-code/resources/app/extensions/microsoft-authentication/dist/extension.js
[2021-10-29 07:59:52.436] [exthost] [info] ExtensionService#_doActivateExtension vscode.debug-auto-launch, startup: true, activationEvent: '*'
[2021-10-29 07:59:52.437] [exthost] [info] ExtensionService#loadCommonJSModule file:///opt/visual-studio-code/resources/app/extensions/debug-auto-launch/dist/extension
[2021-10-29 07:59:52.440] [exthost] [info] ExtensionService#_doActivateExtension vscode.git, startup: true, activationEvent: '*', root cause: vscode.github
[2021-10-29 07:59:52.440] [exthost] [info] ExtensionService#loadCommonJSModule file:///opt/visual-studio-code/resources/app/extensions/git/dist/main
[2021-10-29 07:59:52.459] [exthost] [info] ExtensionService#_doActivateExtension CoenraadS.bracket-pair-colorizer, startup: true, activationEvent: '*'
[2021-10-29 07:59:52.459] [exthost] [info] ExtensionService#loadCommonJSModule file:///home/vu/.vscode/extensions/coenraads.bracket-pair-colorizer-1.0.61/out/src/extension
[2021-10-29 07:59:52.480] [exthost] [info] ExtensionService#_doActivateExtension firsttris.vscode-jest-runner, startup: true, activationEvent: '*'
[2021-10-29 07:59:52.480] [exthost] [info] ExtensionService#loadCommonJSModule file:///home/vu/.vscode/extensions/firsttris.vscode-jest-runner-0.4.47/dist/extension
[2021-10-29 07:59:52.635] [exthost] [info] ExtensionService#_doActivateExtension ritwickdey.LiveServer, startup: true, activationEvent: '*'
[2021-10-29 07:59:52.635] [exthost] [info] ExtensionService#loadCommonJSModule file:///home/vu/.vscode/extensions/ritwickdey.liveserver-5.6.1/out/src/extension
[2021-10-29 07:59:52.936] [exthost] [info] ExtensionService#_doActivateExtension TabNine.tabnine-vscode, startup: true, activationEvent: '*'
[2021-10-29 07:59:52.936] [exthost] [info] ExtensionService#loadCommonJSModule file:///home/vu/.vscode/extensions/tabnine.tabnine-vscode-3.4.33/out/extension
[2021-10-29 07:59:53.046] [exthost] [info] extension host terminating: renderer closed the socket
[2021-10-29 07:59:53.086] [exthost] [error] Activating extension vscode.github failed due to an error:
[2021-10-29 07:59:53.086] [exthost] [error] Canceled: Canceled
	at Object.n [as canceled] (/opt/visual-studio-code/resources/app/out/vs/workbench/services/extensions/node/extensionHostProcess.js:5:1157)
	at i._remoteCall (/opt/visual-studio-code/resources/app/out/vs/workbench/services/extensions/node/extensionHostProcess.js:98:13876)
	at Proxy.R.<computed>.$.charCodeAt.R.<computed> (/opt/visual-studio-code/resources/app/out/vs/workbench/services/extensions/node/extensionHostProcess.js:98:10271)
	at w._activateExtension (/opt/visual-studio-code/resources/app/out/vs/workbench/services/extensions/node/extensionHostProcess.js:99:11651)
	at Object.actualActivateExtension (/opt/visual-studio-code/resources/app/out/vs/workbench/services/extensions/node/extensionHostProcess.js:99:9236)
	at a._activateExtension (/opt/visual-studio-code/resources/app/out/vs/workbench/services/extensions/node/extensionHostProcess.js:94:88419)
	at /opt/visual-studio-code/resources/app/out/vs/workbench/services/extensions/node/extensionHostProcess.js:94:88101
	at Array.map (<anonymous>)
	at a._activateExtensions (/opt/visual-studio-code/resources/app/out/vs/workbench/services/extensions/node/extensionHostProcess.js:94:88089)
	at /opt/visual-studio-code/resources/app/out/vs/workbench/services/extensions/node/extensionHostProcess.js:94:88190
	at async Promise.all (index 0)
[2021-10-29 07:59:53.087] [exthost] [info] eager extensions activated
[2021-10-29 07:59:53.087] [exthost] [error] Activating extension vscode.emmet failed due to an error:
[2021-10-29 07:59:53.087] [exthost] [error] Canceled: Canceled
	at Object.n [as canceled] (/opt/visual-studio-code/resources/app/out/vs/workbench/services/extensions/node/extensionHostProcess.js:5:1157)
	at i._remoteCall (/opt/visual-studio-code/resources/app/out/vs/workbench/services/extensions/node/extensionHostProcess.js:98:13876)
	at Proxy.R.<computed>.$.charCodeAt.R.<computed> (/opt/visual-studio-code/resources/app/out/vs/workbench/services/extensions/node/extensionHostProcess.js:98:10271)
	at w._activateExtension (/opt/visual-studio-code/resources/app/out/vs/workbench/services/extensions/node/extensionHostProcess.js:99:11651)
	at Object.actualActivateExtension (/opt/visual-studio-code/resources/app/out/vs/workbench/services/extensions/node/extensionHostProcess.js:99:9236)
	at a._activateExtension (/opt/visual-studio-code/resources/app/out/vs/workbench/services/extensions/node/extensionHostProcess.js:94:88419)
	at /opt/visual-studio-code/resources/app/out/vs/workbench/services/extensions/node/extensionHostProcess.js:94:88101
	at Array.map (<anonymous>)
	at a._activateExtensions (/opt/visual-studio-code/resources/app/out/vs/workbench/services/extensions/node/extensionHostProcess.js:94:88089)
	at activateById (/opt/visual-studio-code/resources/app/out/vs/workbench/services/extensions/node/extensionHostProcess.js:94:85687)
	at w._activateById (/opt/visual-studio-code/resources/app/out/vs/workbench/services/extensions/node/extensionHostProcess.js:99:10238)
	at w._activateOneStartupFinished (/opt/visual-studio-code/resources/app/out/vs/workbench/services/extensions/node/extensionHostProcess.js:99:15256)
	at w._activateAllStartupFinished (/opt/visual-studio-code/resources/app/out/vs/workbench/services/extensions/node/extensionHostProcess.js:99:15627)
	at /opt/visual-studio-code/resources/app/out/vs/workbench/services/extensions/node/extensionHostProcess.js:99:16120
[2021-10-29 07:59:53.087] [exthost] [error] Activating extension vscode.merge-conflict failed due to an error:
[2021-10-29 07:59:53.087] [exthost] [error] Canceled: Canceled
	at Object.n [as canceled] (/opt/visual-studio-code/resources/app/out/vs/workbench/services/extensions/node/extensionHostProcess.js:5:1157)
	at i._remoteCall (/opt/visual-studio-code/resources/app/out/vs/workbench/services/extensions/node/extensionHostProcess.js:98:13876)
	at Proxy.R.<computed>.$.charCodeAt.R.<computed> (/opt/visual-studio-code/resources/app/out/vs/workbench/services/extensions/node/extensionHostProcess.js:98:10271)
	at w._activateExtension (/opt/visual-studio-code/resources/app/out/vs/workbench/services/extensions/node/extensionHostProcess.js:99:11651)
	at Object.actualActivateExtension (/opt/visual-studio-code/resources/app/out/vs/workbench/services/extensions/node/extensionHostProcess.js:99:9236)
	at a._activateExtension (/opt/visual-studio-code/resources/app/out/vs/workbench/services/extensions/node/extensionHostProcess.js:94:88419)
	at /opt/visual-studio-code/resources/app/out/vs/workbench/services/extensions/node/extensionHostProcess.js:94:88101
	at Array.map (<anonymous>)
	at a._activateExtensions (/opt/visual-studio-code/resources/app/out/vs/workbench/services/extensions/node/extensionHostProcess.js:94:88089)
	at activateById (/opt/visual-studio-code/resources/app/out/vs/workbench/services/extensions/node/extensionHostProcess.js:94:85687)
	at w._activateById (/opt/visual-studio-code/resources/app/out/vs/workbench/services/extensions/node/extensionHostProcess.js:99:10238)
	at w._activateOneStartupFinished (/opt/visual-studio-code/resources/app/out/vs/workbench/services/extensions/node/extensionHostProcess.js:99:15256)
	at w._activateAllStartupFinished (/opt/visual-studio-code/resources/app/out/vs/workbench/services/extensions/node/extensionHostProcess.js:99:15627)
	at /opt/visual-studio-code/resources/app/out/vs/workbench/services/extensions/node/extensionHostProcess.js:99:16120
[2021-10-29 07:59:53.087] [exthost] [error] Activating extension esbenp.prettier-vscode failed due to an error:
[2021-10-29 07:59:53.087] [exthost] [error] Canceled: Canceled
	at Object.n [as canceled] (/opt/visual-studio-code/resources/app/out/vs/workbench/services/extensions/node/extensionHostProcess.js:5:1157)
	at i._remoteCall (/opt/visual-studio-code/resources/app/out/vs/workbench/services/extensions/node/extensionHostProcess.js:98:13876)
	at Proxy.R.<computed>.$.charCodeAt.R.<computed> (/opt/visual-studio-code/resources/app/out/vs/workbench/services/extensions/node/extensionHostProcess.js:98:10271)
	at w._activateExtension (/opt/visual-studio-code/resources/app/out/vs/workbench/services/extensions/node/extensionHostProcess.js:99:11651)
	at Object.actualActivateExtension (/opt/visual-studio-code/resources/app/out/vs/workbench/services/extensions/node/extensionHostProcess.js:99:9236)
	at a._activateExtension (/opt/visual-studio-code/resources/app/out/vs/workbench/services/extensions/node/extensionHostProcess.js:94:88419)
	at /opt/visual-studio-code/resources/app/out/vs/workbench/services/extensions/node/extensionHostProcess.js:94:88101
	at Array.map (<anonymous>)
	at a._activateExtensions (/opt/visual-studio-code/resources/app/out/vs/workbench/services/extensions/node/extensionHostProcess.js:94:88089)
	at activateById (/opt/visual-studio-code/resources/app/out/vs/workbench/services/extensions/node/extensionHostProcess.js:94:85687)
	at w._activateById (/opt/visual-studio-code/resources/app/out/vs/workbench/services/extensions/node/extensionHostProcess.js:99:10238)
	at w._activateOneStartupFinished (/opt/visual-studio-code/resources/app/out/vs/workbench/services/extensions/node/extensionHostProcess.js:99:15256)
	at w._activateAllStartupFinished (/opt/visual-studio-code/resources/app/out/vs/workbench/services/extensions/node/extensionHostProcess.js:99:15627)
	at /opt/visual-studio-code/resources/app/out/vs/workbench/services/extensions/node/extensionHostProcess.js:99:16120
[2021-10-29 07:59:53.088] [exthost] [error] Activating extension formulahendry.code-runner failed due to an error:
[2021-10-29 07:59:53.088] [exthost] [error] Canceled: Canceled
	at Object.n [as canceled] (/opt/visual-studio-code/resources/app/out/vs/workbench/services/extensions/node/extensionHostProcess.js:5:1157)
	at i._remoteCall (/opt/visual-studio-code/resources/app/out/vs/workbench/services/extensions/node/extensionHostProcess.js:98:13876)
	at Proxy.R.<computed>.$.charCodeAt.R.<computed> (/opt/visual-studio-code/resources/app/out/vs/workbench/services/extensions/node/extensionHostProcess.js:98:10271)
	at w._activateExtension (/opt/visual-studio-code/resources/app/out/vs/workbench/services/extensions/node/extensionHostProcess.js:99:11651)
	at Object.actualActivateExtension (/opt/visual-studio-code/resources/app/out/vs/workbench/services/extensions/node/extensionHostProcess.js:99:9236)
	at a._activateExtension (/opt/visual-studio-code/resources/app/out/vs/workbench/services/extensions/node/extensionHostProcess.js:94:88419)
	at /opt/visual-studio-code/resources/app/out/vs/workbench/services/extensions/node/extensionHostProcess.js:94:88101
	at Array.map (<anonymous>)
	at a._activateExtensions (/opt/visual-studio-code/resources/app/out/vs/workbench/services/extensions/node/extensionHostProcess.js:94:88089)
	at activateById (/opt/visual-studio-code/resources/app/out/vs/workbench/services/extensions/node/extensionHostProcess.js:94:85687)
	at w._activateById (/opt/visual-studio-code/resources/app/out/vs/workbench/services/extensions/node/extensionHostProcess.js:99:10238)
	at w._activateOneStartupFinished (/opt/visual-studio-code/resources/app/out/vs/workbench/services/extensions/node/extensionHostProcess.js:99:15256)
	at w._activateAllStartupFinished (/opt/visual-studio-code/resources/app/out/vs/workbench/services/extensions/node/extensionHostProcess.js:99:15627)
	at /opt/visual-studio-code/resources/app/out/vs/workbench/services/extensions/node/extensionHostProcess.js:99:16120
[2021-10-29 07:59:53.119] [exthost] [error] ProxyResolver#resolveProxy Canceled: Canceled
	at Object.n [as canceled] (/opt/visual-studio-code/resources/app/out/vs/workbench/services/extensions/node/extensionHostProcess.js:5:1157)
	at i._remoteCall (/opt/visual-studio-code/resources/app/out/vs/workbench/services/extensions/node/extensionHostProcess.js:98:13876)
	at Proxy.R.<computed>.$.charCodeAt.R.<computed> (/opt/visual-studio-code/resources/app/out/vs/workbench/services/extensions/node/extensionHostProcess.js:98:10271)
	at E.resolveProxy (/opt/visual-studio-code/resources/app/out/vs/workbench/services/extensions/node/extensionHostProcess.js:98:39347)
	at Object.resolveProxy (/opt/visual-studio-code/resources/app/out/vs/workbench/services/extensions/node/extensionHostProcess.js:103:58244)
	at useProxySettings (/opt/visual-studio-code/resources/app/node_modules.asar/vscode-proxy-agent/out/index.js:159:16)
	at /opt/visual-studio-code/resources/app/node_modules.asar/vscode-proxy-agent/out/index.js:107:13
	at /opt/visual-studio-code/resources/app/node_modules.asar/vscode-proxy-agent/out/index.js:335:13 
[2021-10-29 07:59:53.120] [exthost] [error] ProxyResolver#resolveProxy Canceled: Canceled
	at Object.n [as canceled] (/opt/visual-studio-code/resources/app/out/vs/workbench/services/extensions/node/extensionHostProcess.js:5:1157)
	at i._remoteCall (/opt/visual-studio-code/resources/app/out/vs/workbench/services/extensions/node/extensionHostProcess.js:98:13876)
	at Proxy.R.<computed>.$.charCodeAt.R.<computed> (/opt/visual-studio-code/resources/app/out/vs/workbench/services/extensions/node/extensionHostProcess.js:98:10271)
	at E.resolveProxy (/opt/visual-studio-code/resources/app/out/vs/workbench/services/extensions/node/extensionHostProcess.js:98:39347)
	at Object.resolveProxy (/opt/visual-studio-code/resources/app/out/vs/workbench/services/extensions/node/extensionHostProcess.js:103:58244)
	at useProxySettings (/opt/visual-studio-code/resources/app/node_modules.asar/vscode-proxy-agent/out/index.js:159:16)
	at /opt/visual-studio-code/resources/app/node_modules.asar/vscode-proxy-agent/out/index.js:107:13
	at /opt/visual-studio-code/resources/app/node_modules.asar/vscode-proxy-agent/out/index.js:335:13 
[2021-10-29 07:59:53.120] [exthost] [error] ProxyResolver#resolveProxy Canceled: Canceled
	at Object.n [as canceled] (/opt/visual-studio-code/resources/app/out/vs/workbench/services/extensions/node/extensionHostProcess.js:5:1157)
	at i._remoteCall (/opt/visual-studio-code/resources/app/out/vs/workbench/services/extensions/node/extensionHostProcess.js:98:13876)
	at Proxy.R.<computed>.$.charCodeAt.R.<computed> (/opt/visual-studio-code/resources/app/out/vs/workbench/services/extensions/node/extensionHostProcess.js:98:10271)
	at E.resolveProxy (/opt/visual-studio-code/resources/app/out/vs/workbench/services/extensions/node/extensionHostProcess.js:98:39347)
	at Object.resolveProxy (/opt/visual-studio-code/resources/app/out/vs/workbench/services/extensions/node/extensionHostProcess.js:103:58244)
	at useProxySettings (/opt/visual-studio-code/resources/app/node_modules.asar/vscode-proxy-agent/out/index.js:159:16)
	at /opt/visual-studio-code/resources/app/node_modules.asar/vscode-proxy-agent/out/index.js:107:13
	at /opt/visual-studio-code/resources/app/node_modules.asar/vscode-proxy-agent/out/index.js:335:13 
[2021-10-29 07:59:54.049] [exthost] [info] exiting with code 0
