[2021-10-28 18:11:38.770] [exthost] [info] extension host started
[2021-10-28 18:11:38.820] [exthost] [info] ExtensionService#_doActivateExtension vscode.microsoft-authentication, startup: false, activationEvent: 'onAuthenticationRequest:microsoft'
[2021-10-28 18:11:38.820] [exthost] [info] ExtensionService#loadCommonJSModule file:///opt/visual-studio-code/resources/app/extensions/microsoft-authentication/dist/extension.js
[2021-10-28 18:11:38.827] [exthost] [info] ExtensionService#_doActivateExtension vscode.debug-auto-launch, startup: true, activationEvent: '*'
[2021-10-28 18:11:38.828] [exthost] [info] ExtensionService#loadCommonJSModule file:///opt/visual-studio-code/resources/app/extensions/debug-auto-launch/dist/extension
[2021-10-28 18:11:38.830] [exthost] [info] ExtensionService#_doActivateExtension vscode.git, startup: true, activationEvent: '*', root cause: vscode.github
[2021-10-28 18:11:38.830] [exthost] [info] ExtensionService#loadCommonJSModule file:///opt/visual-studio-code/resources/app/extensions/git/dist/main
[2021-10-28 18:11:38.846] [exthost] [info] ExtensionService#_doActivateExtension TabNine.tabnine-vscode, startup: true, activationEvent: '*'
[2021-10-28 18:11:38.846] [exthost] [info] ExtensionService#loadCommonJSModule file:///home/vu/.vscode/extensions/tabnine.tabnine-vscode-3.4.33/out/extension
[2021-10-28 18:11:38.977] [exthost] [info] ExtensionService#_doActivateExtension vscode.github, startup: true, activationEvent: '*'
[2021-10-28 18:11:38.977] [exthost] [info] ExtensionService#loadCommonJSModule file:///opt/visual-studio-code/resources/app/extensions/github/dist/extension.js
[2021-10-28 18:11:38.993] [exthost] [info] ExtensionService#_doActivateExtension ms-vscode.js-debug, startup: false, activationEvent: 'onCommand:extension.js-debug.clearAutoAttachVariables'
[2021-10-28 18:11:38.993] [exthost] [info] ExtensionService#loadCommonJSModule file:///opt/visual-studio-code/resources/app/extensions/ms-vscode.js-debug/src/extension.js
[2021-10-28 18:11:39.090] [exthost] [info] eager extensions activated
[2021-10-28 18:11:39.121] [exthost] [info] ExtensionService#_doActivateExtension vscode.emmet, startup: false, activationEvent: 'onStartupFinished'
[2021-10-28 18:11:39.121] [exthost] [info] ExtensionService#loadCommonJSModule file:///opt/visual-studio-code/resources/app/extensions/emmet/dist/node/emmetNodeMain
[2021-10-28 18:11:39.130] [exthost] [info] ExtensionService#_doActivateExtension vscode.merge-conflict, startup: false, activationEvent: 'onStartupFinished'
[2021-10-28 18:11:39.130] [exthost] [info] ExtensionService#loadCommonJSModule file:///opt/visual-studio-code/resources/app/extensions/merge-conflict/dist/mergeConflictMain
[2021-10-28 18:11:39.133] [exthost] [info] ExtensionService#_doActivateExtension esbenp.prettier-vscode, startup: false, activationEvent: 'onStartupFinished'
[2021-10-28 18:11:39.133] [exthost] [info] ExtensionService#loadCommonJSModule file:///home/vu/.vscode/extensions/esbenp.prettier-vscode-9.0.0/dist/extension
[2021-10-28 18:11:39.483] [exthost] [info] ExtensionService#_doActivateExtension vscode.configuration-editing, startup: false, activationEvent: 'onLanguage:jsonc'
[2021-10-28 18:11:39.483] [exthost] [info] ExtensionService#loadCommonJSModule file:///opt/visual-studio-code/resources/app/extensions/configuration-editing/dist/configurationEditingMain
[2021-10-28 18:11:39.486] [exthost] [info] ExtensionService#_doActivateExtension vscode.json-language-features, startup: false, activationEvent: 'onLanguage:jsonc'
[2021-10-28 18:11:39.486] [exthost] [info] ExtensionService#loadCommonJSModule file:///opt/visual-studio-code/resources/app/extensions/json-language-features/client/dist/node/jsonClientMain
[2021-10-28 18:11:39.496] [exthost] [info] ExtensionService#_doActivateExtension vscode.typescript-language-features, startup: false, activationEvent: 'onLanguage:jsonc'
[2021-10-28 18:11:39.496] [exthost] [info] ExtensionService#loadCommonJSModule file:///opt/visual-studio-code/resources/app/extensions/typescript-language-features/dist/extension
[2021-10-28 18:11:39.583] [exthost] [info] ExtensionService#_doActivateExtension vscode.github-authentication, startup: false, activationEvent: 'onAuthenticationRequest:github'
[2021-10-28 18:11:39.583] [exthost] [info] ExtensionService#loadCommonJSModule file:///opt/visual-studio-code/resources/app/extensions/github-authentication/dist/extension.js
[2021-10-28 18:11:57.805] [exthost] [info] ExtensionService#_doActivateExtension CoenraadS.bracket-pair-colorizer, startup: false, activationEvent: '*'
[2021-10-28 18:11:57.805] [exthost] [info] ExtensionService#loadCommonJSModule file:///home/vu/.vscode/extensions/coenraads.bracket-pair-colorizer-1.0.61/out/src/extension
[2021-10-28 18:11:57.834] [exthost] [info] ExtensionService#_doActivateExtension firsttris.vscode-jest-runner, startup: false, activationEvent: '*'
[2021-10-28 18:11:57.834] [exthost] [info] ExtensionService#loadCommonJSModule file:///home/vu/.vscode/extensions/firsttris.vscode-jest-runner-0.4.47/dist/extension
[2021-10-28 18:11:57.931] [exthost] [info] ExtensionService#_doActivateExtension formulahendry.code-runner, startup: false, activationEvent: 'onStartupFinished'
[2021-10-28 18:11:57.931] [exthost] [info] ExtensionService#loadCommonJSModule file:///home/vu/.vscode/extensions/formulahendry.code-runner-0.11.6/out/src/extension
[2021-10-28 18:11:57.960] [exthost] [info] ExtensionService#_doActivateExtension ritwickdey.LiveServer, startup: false, activationEvent: '*'
[2021-10-28 18:11:57.960] [exthost] [info] ExtensionService#loadCommonJSModule file:///home/vu/.vscode/extensions/ritwickdey.liveserver-5.6.1/out/src/extension
[2021-10-28 18:12:28.143] [exthost] [info] ExtensionService#_doActivateExtension ms-toolsai.jupyter, startup: false, activationEvent: 'onLanguage:python'
[2021-10-28 18:12:28.143] [exthost] [info] ExtensionService#loadCommonJSModule file:///home/vu/.vscode/extensions/ms-toolsai.jupyter-2021.9.1101343141/out/client/extension
[2021-10-28 18:12:28.304] [exthost] [info] ExtensionService#_doActivateExtension ms-python.python, startup: false, activationEvent: 'onLanguage:python'
[2021-10-28 18:12:28.304] [exthost] [info] ExtensionService#loadCommonJSModule file:///home/vu/.vscode/extensions/ms-python.python-2021.10.1365161279/out/client/extension
[2021-10-28 18:12:28.583] [exthost] [info] ExtensionService#_doActivateExtension ms-toolsai.jupyter-renderers, startup: false, activationEvent: 'api', root cause: ms-toolsai.jupyter
[2021-10-28 18:12:28.583] [exthost] [info] ExtensionService#loadCommonJSModule file:///home/vu/.vscode/extensions/ms-toolsai.jupyter-renderers-1.0.3/out/extension_renderer/index.js
[2021-10-28 18:12:28.885] [exthost] [info] ExtensionService#_doActivateExtension ms-python.vscode-pylance, startup: false, activationEvent: 'onLanguage:python'
[2021-10-28 18:12:28.885] [exthost] [info] ExtensionService#loadCommonJSModule file:///home/vu/.vscode/extensions/ms-python.vscode-pylance-2021.10.3/dist/extension.bundle.js
[2021-10-28 18:12:58.196] [exthost] [info] extension host terminating: renderer closed the socket
[2021-10-28 18:12:59.211] [exthost] [info] exiting with code 0
