[2021-10-28 17:14:19.805] [sharedprocess] [info] [logs cleanup]: Starting to clean up old logs.
[2021-10-28 17:14:39.798] [sharedprocess] [info] [code cache cleanup]: Starting to clean up old code cache folders.
[2021-10-28 17:14:39.798] [sharedprocess] [info] [storage cleanup]: Starting to clean up storage folders.
[2021-10-28 17:14:49.798] [sharedprocess] [info] [language pack cache cleanup]: Starting to clean up unused language packs.
[2021-10-28 17:15:57.847] [sharedprocess] [info] Installing extension: dart-code.dart-code
[2021-10-28 17:15:57.848] [sharedprocess] [info] Installing the extension without checking dependencies and pack dart-code.dart-code
[2021-10-28 17:15:57.896] [sharedprocess] [info] Installing extension: ritwickdey.liveserver
[2021-10-28 17:15:57.896] [sharedprocess] [info] Installing the extension without checking dependencies and pack ritwickdey.liveserver
[2021-10-28 17:15:57.898] [sharedprocess] [info] Installing extension: xabikos.javascriptsnippets
[2021-10-28 17:15:57.898] [sharedprocess] [info] Installing the extension without checking dependencies and pack xabikos.javascriptsnippets
[2021-10-28 17:15:57.899] [sharedprocess] [info] Installing extension: ms-vscode.cpptools
[2021-10-28 17:15:57.899] [sharedprocess] [info] Installing the extension without checking dependencies and pack ms-vscode.cpptools
[2021-10-28 17:15:57.962] [sharedprocess] [info] Installing extension: tabnine.tabnine-vscode
[2021-10-28 17:15:57.962] [sharedprocess] [info] Installing the extension without checking dependencies and pack tabnine.tabnine-vscode
[2021-10-28 17:15:58.020] [sharedprocess] [info] Installing extension: dart-code.flutter
[2021-10-28 17:15:58.021] [sharedprocess] [info] Installing the extension without checking dependencies and pack dart-code.flutter
[2021-10-28 17:15:58.300] [sharedprocess] [info] Installing extension: esbenp.prettier-vscode
[2021-10-28 17:15:58.300] [sharedprocess] [info] Installing the extension without checking dependencies and pack esbenp.prettier-vscode
[2021-10-28 17:15:58.301] [sharedprocess] [info] Installing extension: firsttris.vscode-jest-runner
[2021-10-28 17:15:58.301] [sharedprocess] [info] Installing the extension without checking dependencies and pack firsttris.vscode-jest-runner
[2021-10-28 17:15:58.302] [sharedprocess] [info] Installing extension: dracula-theme.theme-dracula
[2021-10-28 17:15:58.302] [sharedprocess] [info] Installing the extension without checking dependencies and pack dracula-theme.theme-dracula
[2021-10-28 17:15:58.316] [sharedprocess] [info] Installing extension: coenraads.bracket-pair-colorizer
[2021-10-28 17:15:58.316] [sharedprocess] [info] Installing the extension without checking dependencies and pack coenraads.bracket-pair-colorizer
[2021-10-28 17:15:58.316] [sharedprocess] [info] Installing extension: formulahendry.code-runner
[2021-10-28 17:15:58.316] [sharedprocess] [info] Installing the extension without checking dependencies and pack formulahendry.code-runner
[2021-10-28 17:15:58.317] [sharedprocess] [info] Installing extension: dsznajder.es7-react-js-snippets
[2021-10-28 17:15:58.317] [sharedprocess] [info] Installing the extension without checking dependencies and pack dsznajder.es7-react-js-snippets
[2021-10-28 17:15:58.319] [sharedprocess] [info] Installing extension: andys8.jest-snippets
[2021-10-28 17:15:58.320] [sharedprocess] [info] Installing the extension without checking dependencies and pack andys8.jest-snippets
[2021-10-28 17:15:58.417] [sharedprocess] [info] Installing extension: orta.vscode-jest
[2021-10-28 17:15:58.417] [sharedprocess] [info] Installing the extension without checking dependencies and pack orta.vscode-jest
[2021-10-28 17:16:00.294] [sharedprocess] [info] Downloaded extension: xabikos.javascriptsnippets /home/vu/.config/Code/CachedExtensionVSIXs/xabikos.javascriptsnippets-1.8.0
[2021-10-28 17:16:00.311] [sharedprocess] [info] Extracted extension to /home/vu/.vscode/extensions/.8b7da2b3-324d-4987-8862-21f689b79460: xabikos.javascriptsnippets
[2021-10-28 17:16:00.314] [sharedprocess] [info] Renamed to /home/vu/.vscode/extensions/xabikos.javascriptsnippets-1.8.0
[2021-10-28 17:16:00.314] [sharedprocess] [info] Extracting completed. xabikos.javascriptsnippets
[2021-10-28 17:16:00.315] [sharedprocess] [info] Extension installed successfully: xabikos.javascriptsnippets
[2021-10-28 17:16:00.484] [sharedprocess] [info] Downloaded extension: tabnine.tabnine-vscode /home/vu/.config/Code/CachedExtensionVSIXs/tabnine.tabnine-vscode-3.4.33
[2021-10-28 17:16:00.496] [sharedprocess] [info] Extracted extension to /home/vu/.vscode/extensions/.202eb09c-8660-4228-b430-f51448f43d5d: tabnine.tabnine-vscode
[2021-10-28 17:16:00.498] [sharedprocess] [info] Renamed to /home/vu/.vscode/extensions/tabnine.tabnine-vscode-3.4.33
[2021-10-28 17:16:00.499] [sharedprocess] [info] Extracting completed. tabnine.tabnine-vscode
[2021-10-28 17:16:00.499] [sharedprocess] [info] Extension installed successfully: tabnine.tabnine-vscode
[2021-10-28 17:16:03.149] [sharedprocess] [info] Downloaded extension: dart-code.flutter /home/vu/.config/Code/CachedExtensionVSIXs/dart-code.flutter-3.27.0
[2021-10-28 17:16:03.159] [sharedprocess] [info] Extracted extension to /home/vu/.vscode/extensions/.23bbc6ff-1ead-4e02-85a3-bc08209af815: dart-code.flutter
[2021-10-28 17:16:03.160] [sharedprocess] [info] Renamed to /home/vu/.vscode/extensions/dart-code.flutter-3.27.0
[2021-10-28 17:16:03.161] [sharedprocess] [info] Extracting completed. dart-code.flutter
[2021-10-28 17:16:03.161] [sharedprocess] [info] Extension installed successfully: dart-code.flutter
[2021-10-28 17:16:05.418] [sharedprocess] [info] Downloaded extension: dracula-theme.theme-dracula /home/vu/.config/Code/CachedExtensionVSIXs/dracula-theme.theme-dracula-2.24.0
[2021-10-28 17:16:05.430] [sharedprocess] [info] Extracted extension to /home/vu/.vscode/extensions/.41ad0e9e-04db-48a2-a629-1509eddd9b46: dracula-theme.theme-dracula
[2021-10-28 17:16:05.432] [sharedprocess] [info] Renamed to /home/vu/.vscode/extensions/dracula-theme.theme-dracula-2.24.0
[2021-10-28 17:16:05.432] [sharedprocess] [info] Extracting completed. dracula-theme.theme-dracula
[2021-10-28 17:16:05.432] [sharedprocess] [info] Extension installed successfully: dracula-theme.theme-dracula
[2021-10-28 17:16:06.178] [sharedprocess] [info] Downloaded extension: andys8.jest-snippets /home/vu/.config/Code/CachedExtensionVSIXs/andys8.jest-snippets-1.8.0
[2021-10-28 17:16:06.188] [sharedprocess] [info] Extracted extension to /home/vu/.vscode/extensions/.ee7b22a2-b72e-44c5-9858-db942b88bed1: andys8.jest-snippets
[2021-10-28 17:16:06.190] [sharedprocess] [info] Renamed to /home/vu/.vscode/extensions/andys8.jest-snippets-1.8.0
[2021-10-28 17:16:06.191] [sharedprocess] [info] Extracting completed. andys8.jest-snippets
[2021-10-28 17:16:06.192] [sharedprocess] [info] Extension installed successfully: andys8.jest-snippets
[2021-10-28 17:16:06.230] [sharedprocess] [info] Downloaded extension: dart-code.dart-code /home/vu/.config/Code/CachedExtensionVSIXs/dart-code.dart-code-3.27.2
[2021-10-28 17:16:07.097] [sharedprocess] [info] Downloaded extension: dsznajder.es7-react-js-snippets /home/vu/.config/Code/CachedExtensionVSIXs/dsznajder.es7-react-js-snippets-3.1.1
[2021-10-28 17:16:07.107] [sharedprocess] [info] Extracted extension to /home/vu/.vscode/extensions/.44e5af02-aef1-4406-9591-b7926fd4610a: dsznajder.es7-react-js-snippets
[2021-10-28 17:16:07.109] [sharedprocess] [info] Renamed to /home/vu/.vscode/extensions/dsznajder.es7-react-js-snippets-3.1.1
[2021-10-28 17:16:07.109] [sharedprocess] [info] Extracting completed. dsznajder.es7-react-js-snippets
[2021-10-28 17:16:07.110] [sharedprocess] [info] Extension installed successfully: dsznajder.es7-react-js-snippets
[2021-10-28 17:16:07.895] [sharedprocess] [info] Downloaded extension: orta.vscode-jest /home/vu/.config/Code/CachedExtensionVSIXs/orta.vscode-jest-4.2.1
[2021-10-28 17:16:07.915] [sharedprocess] [info] Extracted extension to /home/vu/.vscode/extensions/.61a81aca-c027-48a4-883f-9e68239072dd: orta.vscode-jest
[2021-10-28 17:16:07.918] [sharedprocess] [info] Renamed to /home/vu/.vscode/extensions/orta.vscode-jest-4.2.1
[2021-10-28 17:16:07.920] [sharedprocess] [info] Extracting completed. orta.vscode-jest
[2021-10-28 17:16:07.921] [sharedprocess] [info] Extension installed successfully: orta.vscode-jest
[2021-10-28 17:16:08.630] [sharedprocess] [info] Downloaded extension: coenraads.bracket-pair-colorizer /home/vu/.config/Code/CachedExtensionVSIXs/coenraads.bracket-pair-colorizer-1.0.61
[2021-10-28 17:16:08.838] [sharedprocess] [info] Downloaded extension: formulahendry.code-runner /home/vu/.config/Code/CachedExtensionVSIXs/formulahendry.code-runner-0.11.6
[2021-10-28 17:16:08.845] [sharedprocess] [info] Extracted extension to /home/vu/.vscode/extensions/.3e3a7992-d664-4c2f-a2f8-8c7bf6d35460: coenraads.bracket-pair-colorizer
[2021-10-28 17:16:08.850] [sharedprocess] [info] Renamed to /home/vu/.vscode/extensions/coenraads.bracket-pair-colorizer-1.0.61
[2021-10-28 17:16:08.852] [sharedprocess] [info] Extracting completed. coenraads.bracket-pair-colorizer
[2021-10-28 17:16:08.853] [sharedprocess] [info] Extension installed successfully: coenraads.bracket-pair-colorizer
[2021-10-28 17:16:08.936] [sharedprocess] [info] Extracted extension to /home/vu/.vscode/extensions/.d3af50b1-eb12-4e5f-9ec3-7218046ed291: formulahendry.code-runner
[2021-10-28 17:16:08.939] [sharedprocess] [info] Renamed to /home/vu/.vscode/extensions/formulahendry.code-runner-0.11.6
[2021-10-28 17:16:08.940] [sharedprocess] [info] Extracting completed. formulahendry.code-runner
[2021-10-28 17:16:08.941] [sharedprocess] [info] Extension installed successfully: formulahendry.code-runner
[2021-10-28 17:16:09.218] [sharedprocess] [info] Extracted extension to /home/vu/.vscode/extensions/.47001a38-5f26-4a2a-b1a5-b50d6eb3894a: dart-code.dart-code
[2021-10-28 17:16:09.227] [sharedprocess] [info] Renamed to /home/vu/.vscode/extensions/dart-code.dart-code-3.27.2
[2021-10-28 17:16:09.228] [sharedprocess] [info] Extracting completed. dart-code.dart-code
[2021-10-28 17:16:09.228] [sharedprocess] [info] Extension installed successfully: dart-code.dart-code
[2021-10-28 17:16:26.344] [sharedprocess] [info] Downloaded extension: ritwickdey.liveserver /home/vu/.config/Code/CachedExtensionVSIXs/ritwickdey.liveserver-5.6.1
[2021-10-28 17:16:27.001] [sharedprocess] [info] Extracted extension to /home/vu/.vscode/extensions/.e60cf159-1242-4db8-a595-ad90f9bddcef: ritwickdey.liveserver
[2021-10-28 17:16:27.017] [sharedprocess] [info] Renamed to /home/vu/.vscode/extensions/ritwickdey.liveserver-5.6.1
[2021-10-28 17:16:27.018] [sharedprocess] [info] Extracting completed. ritwickdey.liveserver
[2021-10-28 17:16:27.018] [sharedprocess] [info] Extension installed successfully: ritwickdey.liveserver
[2021-10-28 17:17:07.658] [sharedprocess] [info] Downloaded extension: ms-vscode.cpptools /home/vu/.config/Code/CachedExtensionVSIXs/ms-vscode.cpptools-1.7.1
[2021-10-28 17:17:07.815] [sharedprocess] [info] Extracted extension to /home/vu/.vscode/extensions/.ff1facea-2345-42da-8633-e4d88cfadfa7: ms-vscode.cpptools
[2021-10-28 17:17:07.826] [sharedprocess] [info] Renamed to /home/vu/.vscode/extensions/ms-vscode.cpptools-1.7.1
[2021-10-28 17:17:07.829] [sharedprocess] [info] Extracting completed. ms-vscode.cpptools
[2021-10-28 17:17:07.831] [sharedprocess] [info] Extension installed successfully: ms-vscode.cpptools
[2021-10-28 17:17:07.958] [sharedprocess] [info] Downloaded extension: firsttris.vscode-jest-runner /home/vu/.config/Code/CachedExtensionVSIXs/firsttris.vscode-jest-runner-0.4.47
[2021-10-28 17:17:08.018] [sharedprocess] [info] Extracted extension to /home/vu/.vscode/extensions/.b356fd64-1811-4490-8bdd-e52f6256f507: firsttris.vscode-jest-runner
[2021-10-28 17:17:08.020] [sharedprocess] [info] Renamed to /home/vu/.vscode/extensions/firsttris.vscode-jest-runner-0.4.47
[2021-10-28 17:17:08.021] [sharedprocess] [info] Extracting completed. firsttris.vscode-jest-runner
[2021-10-28 17:17:08.022] [sharedprocess] [info] Extension installed successfully: firsttris.vscode-jest-runner
[2021-10-28 17:17:16.948] [sharedprocess] [info] Downloaded extension: esbenp.prettier-vscode /home/vu/.config/Code/CachedExtensionVSIXs/esbenp.prettier-vscode-9.0.0
[2021-10-28 17:17:17.133] [sharedprocess] [info] Extracted extension to /home/vu/.vscode/extensions/.73fb8715-b65e-4423-9488-e062cc0d7900: esbenp.prettier-vscode
[2021-10-28 17:17:17.148] [sharedprocess] [info] Renamed to /home/vu/.vscode/extensions/esbenp.prettier-vscode-9.0.0
[2021-10-28 17:17:17.149] [sharedprocess] [info] Extracting completed. esbenp.prettier-vscode
[2021-10-28 17:17:17.149] [sharedprocess] [info] Extension installed successfully: esbenp.prettier-vscode
