[Info  - 10:14:10.564] Reading sessions from keychain...
[Info  - 10:14:10.578] Getting sessions for all scopes...
[Error  - 10:14:10.578] Getting token failed: Error: The name org.freedesktop.secrets was not provided by any .service files
[Info  - 10:14:10.582] Got 0 sessions for all scopes...
[Info  - 10:14:10.582] Getting sessions for all scopes...
[Info  - 10:14:10.582] Got 0 sessions for all scopes...
[Info  - 10:14:17.150] Getting sessions for all scopes...
[Info  - 10:14:17.150] Got 0 sessions for all scopes...
[Info  - 10:14:18.183] Logging in for the following scopes: user:email
[Info  - 10:14:48.885] Getting sessions for all scopes...
[Info  - 10:14:48.885] Got 0 sessions for all scopes...
[Info  - 10:14:51.683] Getting sessions for all scopes...
[Info  - 10:14:51.683] Got 0 sessions for all scopes...
[Info  - 10:14:53.30] Logging in for the following scopes: user:email
[Info  - 10:15:04.817] Getting sessions for all scopes...
[Info  - 10:15:04.817] Got 0 sessions for all scopes...
[Error  - 10:15:18.198] undefined
[Info  - 10:15:24.143] Getting sessions for all scopes...
[Info  - 10:15:24.143] Got 0 sessions for all scopes...
[Info  - 10:15:31.651] Getting sessions for all scopes...
[Info  - 10:15:31.651] Got 0 sessions for all scopes...
[Info  - 10:15:33.139] Logging in for the following scopes: user:email
[Trace  - 10:15:44.541] Handling Uri...
[Info  - 10:15:44.542] Exchanging code for token...
[Info  - 10:15:45.804] Token exchange success!
[Info  - 10:15:45.804] Getting user info...
[Info  - 10:15:46.478] Got account info!
[Info  - 10:15:46.478] Storing 1 sessions...
[Error  - 10:15:47.101] Setting token failed: Error: The name org.freedesktop.secrets was not provided by any .service files
[Info  - 10:15:52.379] Stored 1 sessions!
[Info  - 10:15:52.379] Login success!
[Info  - 10:15:52.384] Getting sessions for all scopes...
[Info  - 10:15:52.384] Getting sessions for all scopes...
[Info  - 10:15:52.385] Got 1 sessions for all scopes...
[Info  - 10:15:52.385] Got 1 sessions for all scopes...
[Info  - 10:17:57.549] Getting sessions for all scopes...
[Info  - 10:17:57.550] Got 1 sessions for all scopes...
