Info 2021-10-28 22:25:39: Experimentation service retrieved: [object Object]
User belongs to experiment group 'jupyterTest'
User belongs to experiment group 'jupyterEnhancedDataViewer'
Info 2021-10-28 22:25:39: ZMQ install verified.
Info 2021-10-28 22:33:37: Experiment status for python is {"enabled":true,"optInto":[],"optOutFrom":[]}
Info 2021-10-28 22:33:37: Process Execution: > /bin/python -m pip list
> /bin/python -m pip list
Info 2021-10-28 22:33:37: Process Execution: > /bin/python -m pip list
> /bin/python -m pip list
Info 2021-10-28 22:33:37: Process Execution: > /bin/python -c "import notebook"
> /bin/python -c "import notebook"
Info 2021-10-28 22:33:37: Process Execution: > /bin/python -c "import notebook"
> /bin/python -c "import notebook"
Info 2021-10-28 22:33:37: Process Execution: > /bin/python -c "import jupyter"
> /bin/python -c "import jupyter"
Info 2021-10-28 22:33:37: Process Execution: > /bin/python -c "import jupyter"
> /bin/python -c "import jupyter"
Info 2021-10-28 22:42:01: Shutting down notebooks for 91636c9c-f803-4e67-9ab7-8459c491575b
Info 2021-10-28 22:42:01: Disposing HostJupyterExecution ee9ef5b1-8eb0-4360-a0a0-3addaf66eccd
Info 2021-10-28 22:42:01: Disposing super HostJupyterExecution ee9ef5b1-8eb0-4360-a0a0-3addaf66eccd
Info 2021-10-28 22:42:01: Disposing HostJupyterExecution ee9ef5b1-8eb0-4360-a0a0-3addaf66eccd
Info 2021-10-28 22:42:01: Finished disposing HostJupyterExecution  ee9ef5b1-8eb0-4360-a0a0-3addaf66eccd
Info 2021-10-28 22:42:01: Cleaning up server cache ee9ef5b1-8eb0-4360-a0a0-3addaf66eccd
Info 2021-10-28 22:42:01: Finished disposing HostJupyterExecution  ee9ef5b1-8eb0-4360-a0a0-3addaf66eccd
