Info 2021-10-28 21:53:28: Experimentation service retrieved: [object Object]
User belongs to experiment group 'jupyterTest'
User belongs to experiment group 'jupyterEnhancedDataViewer'
Info 2021-10-28 21:53:28: ZMQ install verified.
Info 2021-10-28 21:54:46: Experiment status for python is {"enabled":true,"optInto":[],"optOutFrom":[]}
Info 2021-10-28 21:54:46: Process Execution: > /bin/python -c "import jupyter"
> /bin/python -c "import jupyter"
Info 2021-10-28 21:54:46: Process Execution: > /bin/python -c "import jupyter"
> /bin/python -c "import jupyter"
Info 2021-10-28 21:54:46: Process Execution: > /bin/python -c "import notebook"
> /bin/python -c "import notebook"
Info 2021-10-28 21:54:46: Process Execution: > /bin/python -c "import notebook"
> /bin/python -c "import notebook"
Info 2021-10-28 21:54:46: Process Execution: > /bin/python -m pip list
> /bin/python -m pip list
Info 2021-10-28 21:54:46: Process Execution: > /bin/python -m pip list
> /bin/python -m pip list
Info 2021-10-28 22:13:51: Shutting down notebooks for 340a0bb5-7a8f-4792-9d38-7ba5ea543462
Info 2021-10-28 22:13:51: Disposing HostJupyterExecution e90516f0-7468-43a2-8608-eee32a77eb32
Info 2021-10-28 22:13:51: Disposing super HostJupyterExecution e90516f0-7468-43a2-8608-eee32a77eb32
Info 2021-10-28 22:13:51: Disposing HostJupyterExecution e90516f0-7468-43a2-8608-eee32a77eb32
Info 2021-10-28 22:13:51: Finished disposing HostJupyterExecution  e90516f0-7468-43a2-8608-eee32a77eb32
Info 2021-10-28 22:13:51: Cleaning up server cache e90516f0-7468-43a2-8608-eee32a77eb32
Info 2021-10-28 22:13:51: Finished disposing HostJupyterExecution  e90516f0-7468-43a2-8608-eee32a77eb32
