Validating found git in: git
Using git 2.33.1 from git
Opening repository for path='/home/vu/Documents/workspace/testApp' failed; ex=Failed to execute git {
  "exitCode": 128,
  "gitErrorCode": "NotAGitRepository",
  "gitCommand": "rev-parse",
  "stdout": "",
  "stderr": "fatal: not a git repository (or any of the parent directories): .git\n"
}
Opening repository for path='/home/vu/Documents/workspace/testApp/.buckconfig' failed; ex=Error: spawn ENOTDIR
Opening repository for path='/home/vu/Documents/workspace/testApp/.editorconfig' failed; ex=Error: spawn ENOTDIR
Opening repository for path='/home/vu/Documents/workspace/testApp/.eslintrc.js' failed; ex=Error: spawn ENOTDIR
Opening repository for path='/home/vu/Documents/workspace/testApp/.flowconfig' failed; ex=Error: spawn ENOTDIR
Opening repository for path='/home/vu/Documents/workspace/testApp/.gitattributes' failed; ex=Error: spawn ENOTDIR
Opening repository for path='/home/vu/Documents/workspace/testApp/.gitignore' failed; ex=Error: spawn ENOTDIR
Opening repository for path='/home/vu/Documents/workspace/testApp/.prettierrc.js' failed; ex=Error: spawn ENOTDIR
Opening repository for path='/home/vu/Documents/workspace/testApp/.watchmanconfig' failed; ex=Error: spawn ENOTDIR
Opening repository for path='/home/vu/Documents/workspace/testApp/App.js' failed; ex=Error: spawn ENOTDIR
Opening repository for path='/home/vu/Documents/workspace/testApp/__tests__' failed; ex=Failed to execute git {
  "exitCode": 128,
  "gitErrorCode": "NotAGitRepository",
  "gitCommand": "rev-parse",
  "stdout": "",
  "stderr": "fatal: not a git repository (or any of the parent directories): .git\n"
}
Opening repository for path='/home/vu/Documents/workspace/testApp/android' failed; ex=Failed to execute git {
  "exitCode": 128,
  "gitErrorCode": "NotAGitRepository",
  "gitCommand": "rev-parse",
  "stdout": "",
  "stderr": "fatal: not a git repository (or any of the parent directories): .git\n"
}
Opening repository for path='/home/vu/Documents/workspace/testApp/app.json' failed; ex=Error: spawn ENOTDIR
Opening repository for path='/home/vu/Documents/workspace/testApp/babel.config.js' failed; ex=Error: spawn ENOTDIR
Opening repository for path='/home/vu/Documents/workspace/testApp/index.js' failed; ex=Error: spawn ENOTDIR
Opening repository for path='/home/vu/Documents/workspace/testApp/ios' failed; ex=Failed to execute git {
  "exitCode": 128,
  "gitErrorCode": "NotAGitRepository",
  "gitCommand": "rev-parse",
  "stdout": "",
  "stderr": "fatal: not a git repository (or any of the parent directories): .git\n"
}
Opening repository for path='/home/vu/Documents/workspace/testApp/metro.config.js' failed; ex=Error: spawn ENOTDIR
Opening repository for path='/home/vu/Documents/workspace/testApp/node_modules' failed; ex=Failed to execute git {
  "exitCode": 128,
  "gitErrorCode": "NotAGitRepository",
  "gitCommand": "rev-parse",
  "stdout": "",
  "stderr": "fatal: not a git repository (or any of the parent directories): .git\n"
}
Opening repository for path='/home/vu/Documents/workspace/testApp/package.json' failed; ex=Error: spawn ENOTDIR
Opening repository for path='/home/vu/Documents/workspace/testApp/yarn.lock' failed; ex=Error: spawn ENOTDIR
Opening repository for path='/home/vu/Documents/workspace/testApp' failed; ex=Failed to execute git {
  "exitCode": 128,
  "gitErrorCode": "NotAGitRepository",
  "gitCommand": "rev-parse",
  "stdout": "",
  "stderr": "fatal: not a git repository (or any of the parent directories): .git\n"
}
Opening repository for path='/home/vu/Documents/workspace/testApp' failed; ex=Failed to execute git {
  "exitCode": 128,
  "gitErrorCode": "NotAGitRepository",
  "gitCommand": "rev-parse",
  "stdout": "",
  "stderr": "fatal: not a git repository (or any of the parent directories): .git\n"
}
