[2021-10-28 21:53:28.286] [exthost] [info] extension host started
[2021-10-28 21:53:28.332] [exthost] [info] ExtensionService#_doActivateExtension vscode.microsoft-authentication, startup: false, activationEvent: 'onAuthenticationRequest:microsoft'
[2021-10-28 21:53:28.332] [exthost] [info] ExtensionService#loadCommonJSModule file:///opt/visual-studio-code/resources/app/extensions/microsoft-authentication/dist/extension.js
[2021-10-28 21:53:28.338] [exthost] [info] ExtensionService#_doActivateExtension ms-toolsai.jupyter, startup: false, activationEvent: 'onLanguage:python'
[2021-10-28 21:53:28.338] [exthost] [info] ExtensionService#loadCommonJSModule file:///home/vu/.vscode/extensions/ms-toolsai.jupyter-2021.9.1101343141/out/client/extension
[2021-10-28 21:53:28.506] [exthost] [info] ExtensionService#_doActivateExtension vscode.debug-auto-launch, startup: true, activationEvent: '*'
[2021-10-28 21:53:28.506] [exthost] [info] ExtensionService#loadCommonJSModule file:///opt/visual-studio-code/resources/app/extensions/debug-auto-launch/dist/extension
[2021-10-28 21:53:28.509] [exthost] [info] ExtensionService#_doActivateExtension vscode.git, startup: true, activationEvent: '*', root cause: vscode.github
[2021-10-28 21:53:28.509] [exthost] [info] ExtensionService#loadCommonJSModule file:///opt/visual-studio-code/resources/app/extensions/git/dist/main
[2021-10-28 21:53:28.524] [exthost] [info] ExtensionService#_doActivateExtension TabNine.tabnine-vscode, startup: true, activationEvent: '*'
[2021-10-28 21:53:28.524] [exthost] [info] ExtensionService#loadCommonJSModule file:///home/vu/.vscode/extensions/tabnine.tabnine-vscode-3.4.33/out/extension
[2021-10-28 21:53:28.677] [exthost] [info] ExtensionService#_doActivateExtension vscode.configuration-editing, startup: false, activationEvent: 'onLanguage:jsonc'
[2021-10-28 21:53:28.677] [exthost] [info] ExtensionService#loadCommonJSModule file:///opt/visual-studio-code/resources/app/extensions/configuration-editing/dist/configurationEditingMain
[2021-10-28 21:53:28.681] [exthost] [info] ExtensionService#_doActivateExtension vscode.json-language-features, startup: false, activationEvent: 'onLanguage:jsonc'
[2021-10-28 21:53:28.681] [exthost] [info] ExtensionService#loadCommonJSModule file:///opt/visual-studio-code/resources/app/extensions/json-language-features/client/dist/node/jsonClientMain
[2021-10-28 21:53:28.702] [exthost] [info] ExtensionService#_doActivateExtension vscode.typescript-language-features, startup: false, activationEvent: 'onLanguage:jsonc'
[2021-10-28 21:53:28.702] [exthost] [info] ExtensionService#loadCommonJSModule file:///opt/visual-studio-code/resources/app/extensions/typescript-language-features/dist/extension
[2021-10-28 21:53:28.894] [exthost] [info] ExtensionService#_doActivateExtension vscode.github, startup: true, activationEvent: '*'
[2021-10-28 21:53:28.894] [exthost] [info] ExtensionService#loadCommonJSModule file:///opt/visual-studio-code/resources/app/extensions/github/dist/extension.js
[2021-10-28 21:53:28.934] [exthost] [info] ExtensionService#_doActivateExtension ms-vscode.js-debug, startup: false, activationEvent: 'onCommand:extension.js-debug.clearAutoAttachVariables'
[2021-10-28 21:53:28.934] [exthost] [info] ExtensionService#loadCommonJSModule file:///opt/visual-studio-code/resources/app/extensions/ms-vscode.js-debug/src/extension.js
[2021-10-28 21:53:29.006] [exthost] [info] eager extensions activated
[2021-10-28 21:53:29.017] [exthost] [info] ExtensionService#_doActivateExtension vscode.emmet, startup: false, activationEvent: 'onStartupFinished'
[2021-10-28 21:53:29.017] [exthost] [info] ExtensionService#loadCommonJSModule file:///opt/visual-studio-code/resources/app/extensions/emmet/dist/node/emmetNodeMain
[2021-10-28 21:53:29.021] [exthost] [info] ExtensionService#_doActivateExtension vscode.merge-conflict, startup: false, activationEvent: 'onStartupFinished'
[2021-10-28 21:53:29.021] [exthost] [info] ExtensionService#loadCommonJSModule file:///opt/visual-studio-code/resources/app/extensions/merge-conflict/dist/mergeConflictMain
[2021-10-28 21:53:29.023] [exthost] [info] ExtensionService#_doActivateExtension esbenp.prettier-vscode, startup: false, activationEvent: 'onStartupFinished'
[2021-10-28 21:53:29.023] [exthost] [info] ExtensionService#loadCommonJSModule file:///home/vu/.vscode/extensions/esbenp.prettier-vscode-9.0.0/dist/extension
[2021-10-28 21:53:29.388] [exthost] [info] ExtensionService#_doActivateExtension vscode.github-authentication, startup: false, activationEvent: 'onAuthenticationRequest:github'
[2021-10-28 21:53:29.388] [exthost] [info] ExtensionService#loadCommonJSModule file:///opt/visual-studio-code/resources/app/extensions/github-authentication/dist/extension.js
[2021-10-28 21:54:45.832] [exthost] [info] ExtensionService#_doActivateExtension ms-python.python, startup: false, activationEvent: 'api', root cause: ms-toolsai.jupyter
[2021-10-28 21:54:45.832] [exthost] [info] ExtensionService#loadCommonJSModule file:///home/vu/.vscode/extensions/ms-python.python-2021.10.1365161279/out/client/extension
[2021-10-28 21:54:45.947] [exthost] [info] ExtensionService#_doActivateExtension CoenraadS.bracket-pair-colorizer, startup: false, activationEvent: '*'
[2021-10-28 21:54:45.947] [exthost] [info] ExtensionService#loadCommonJSModule file:///home/vu/.vscode/extensions/coenraads.bracket-pair-colorizer-1.0.61/out/src/extension
[2021-10-28 21:54:45.963] [exthost] [info] ExtensionService#_doActivateExtension firsttris.vscode-jest-runner, startup: false, activationEvent: '*'
[2021-10-28 21:54:45.963] [exthost] [info] ExtensionService#loadCommonJSModule file:///home/vu/.vscode/extensions/firsttris.vscode-jest-runner-0.4.47/dist/extension
[2021-10-28 21:54:46.096] [exthost] [info] ExtensionService#_doActivateExtension formulahendry.code-runner, startup: false, activationEvent: 'onStartupFinished'
[2021-10-28 21:54:46.096] [exthost] [info] ExtensionService#loadCommonJSModule file:///home/vu/.vscode/extensions/formulahendry.code-runner-0.11.6/out/src/extension
[2021-10-28 21:54:46.140] [exthost] [info] ExtensionService#_doActivateExtension ritwickdey.LiveServer, startup: false, activationEvent: '*'
[2021-10-28 21:54:46.140] [exthost] [info] ExtensionService#loadCommonJSModule file:///home/vu/.vscode/extensions/ritwickdey.liveserver-5.6.1/out/src/extension
[2021-10-28 21:54:46.437] [exthost] [info] ExtensionService#_doActivateExtension ms-python.vscode-pylance, startup: false, activationEvent: 'onLanguage:python'
[2021-10-28 21:54:46.438] [exthost] [info] ExtensionService#loadCommonJSModule file:///home/vu/.vscode/extensions/ms-python.vscode-pylance-2021.10.3/dist/extension.bundle.js
[2021-10-28 21:55:06.351] [exthost] [error] [ms-python.python] provider FAILED
[2021-10-28 21:55:06.351] [exthost] [error] Canceled: Canceled
	at _.makeCancelError (/home/vu/.vscode/extensions/ms-python.python-2021.10.1365161279/out/client/extension.js:9:153526)
	at _.handleFailedRequest (/home/vu/.vscode/extensions/ms-python.python-2021.10.1365161279/out/client/extension.js:9:153377)
	at /home/vu/.vscode/extensions/ms-python.python-2021.10.1365161279/out/client/extension.js:9:113719
	at async s.provideHover (/opt/visual-studio-code/resources/app/out/vs/workbench/services/extensions/node/extensionHostProcess.js:94:170095)
[2021-10-28 22:04:18.276] [exthost] [error] [ms-python.python] provider FAILED
[2021-10-28 22:04:18.276] [exthost] [error] Canceled: Canceled
	at _.makeCancelError (/home/vu/.vscode/extensions/ms-python.python-2021.10.1365161279/out/client/extension.js:9:153526)
	at _.handleFailedRequest (/home/vu/.vscode/extensions/ms-python.python-2021.10.1365161279/out/client/extension.js:9:153377)
	at /home/vu/.vscode/extensions/ms-python.python-2021.10.1365161279/out/client/extension.js:9:113719
	at async s.provideHover (/opt/visual-studio-code/resources/app/out/vs/workbench/services/extensions/node/extensionHostProcess.js:94:170095)
[2021-10-28 22:06:07.315] [exthost] [error] [ms-python.python] provider FAILED
[2021-10-28 22:06:07.315] [exthost] [error] Canceled: Canceled
	at _.makeCancelError (/home/vu/.vscode/extensions/ms-python.python-2021.10.1365161279/out/client/extension.js:9:153526)
	at _.handleFailedRequest (/home/vu/.vscode/extensions/ms-python.python-2021.10.1365161279/out/client/extension.js:9:153377)
	at /home/vu/.vscode/extensions/ms-python.python-2021.10.1365161279/out/client/extension.js:9:113719
	at async s.provideHover (/opt/visual-studio-code/resources/app/out/vs/workbench/services/extensions/node/extensionHostProcess.js:94:170095)
[2021-10-28 22:06:08.017] [exthost] [error] [ms-python.python] provider FAILED
[2021-10-28 22:06:08.017] [exthost] [error] Canceled: Canceled
	at _.makeCancelError (/home/vu/.vscode/extensions/ms-python.python-2021.10.1365161279/out/client/extension.js:9:153526)
	at _.handleFailedRequest (/home/vu/.vscode/extensions/ms-python.python-2021.10.1365161279/out/client/extension.js:9:153377)
	at /home/vu/.vscode/extensions/ms-python.python-2021.10.1365161279/out/client/extension.js:9:113719
	at async s.provideHover (/opt/visual-studio-code/resources/app/out/vs/workbench/services/extensions/node/extensionHostProcess.js:94:170095)
[2021-10-28 22:06:16.278] [exthost] [error] [ms-python.python] provider FAILED
[2021-10-28 22:06:16.278] [exthost] [error] TypeError: Cannot read property 'items' of undefined
	at completionLengthMeasure (/home/vu/.vscode/extensions/ms-python.python-2021.10.1365161279/out/client/extension.js:52:368561)
	at p (/home/vu/.vscode/extensions/ms-python.python-2021.10.1365161279/out/client/extension.js:52:371225)
	at async U.provideCompletionItems (/opt/visual-studio-code/resources/app/out/vs/workbench/services/extensions/node/extensionHostProcess.js:94:180703)
[2021-10-28 22:06:36.440] [exthost] [error] [ms-python.python] provider FAILED
[2021-10-28 22:06:36.440] [exthost] [error] Canceled: Canceled
	at _.makeCancelError (/home/vu/.vscode/extensions/ms-python.python-2021.10.1365161279/out/client/extension.js:9:153526)
	at _.handleFailedRequest (/home/vu/.vscode/extensions/ms-python.python-2021.10.1365161279/out/client/extension.js:9:153377)
	at /home/vu/.vscode/extensions/ms-python.python-2021.10.1365161279/out/client/extension.js:9:113719
	at async s.provideHover (/opt/visual-studio-code/resources/app/out/vs/workbench/services/extensions/node/extensionHostProcess.js:94:170095)
[2021-10-28 22:06:36.647] [exthost] [error] [ms-python.python] provider FAILED
[2021-10-28 22:06:36.647] [exthost] [error] Canceled: Canceled
	at _.makeCancelError (/home/vu/.vscode/extensions/ms-python.python-2021.10.1365161279/out/client/extension.js:9:153526)
	at _.handleFailedRequest (/home/vu/.vscode/extensions/ms-python.python-2021.10.1365161279/out/client/extension.js:9:153377)
	at /home/vu/.vscode/extensions/ms-python.python-2021.10.1365161279/out/client/extension.js:9:113719
	at async s.provideHover (/opt/visual-studio-code/resources/app/out/vs/workbench/services/extensions/node/extensionHostProcess.js:94:170095)
[2021-10-28 22:06:38.327] [exthost] [error] [ms-python.python] provider FAILED
[2021-10-28 22:06:38.327] [exthost] [error] Canceled: Canceled
	at _.makeCancelError (/home/vu/.vscode/extensions/ms-python.python-2021.10.1365161279/out/client/extension.js:9:153526)
	at _.handleFailedRequest (/home/vu/.vscode/extensions/ms-python.python-2021.10.1365161279/out/client/extension.js:9:153377)
	at /home/vu/.vscode/extensions/ms-python.python-2021.10.1365161279/out/client/extension.js:9:113719
	at async s.provideHover (/opt/visual-studio-code/resources/app/out/vs/workbench/services/extensions/node/extensionHostProcess.js:94:170095)
[2021-10-28 22:13:29.087] [exthost] [error] [ms-python.python] provider FAILED
[2021-10-28 22:13:29.087] [exthost] [error] Canceled: Canceled
	at _.makeCancelError (/home/vu/.vscode/extensions/ms-python.python-2021.10.1365161279/out/client/extension.js:9:153526)
	at _.handleFailedRequest (/home/vu/.vscode/extensions/ms-python.python-2021.10.1365161279/out/client/extension.js:9:153377)
	at /home/vu/.vscode/extensions/ms-python.python-2021.10.1365161279/out/client/extension.js:9:113719
	at async s.provideHover (/opt/visual-studio-code/resources/app/out/vs/workbench/services/extensions/node/extensionHostProcess.js:94:170095)
[2021-10-28 22:13:29.543] [exthost] [error] [ms-python.python] provider FAILED
[2021-10-28 22:13:29.543] [exthost] [error] Canceled: Canceled
	at _.makeCancelError (/home/vu/.vscode/extensions/ms-python.python-2021.10.1365161279/out/client/extension.js:9:153526)
	at _.handleFailedRequest (/home/vu/.vscode/extensions/ms-python.python-2021.10.1365161279/out/client/extension.js:9:153377)
	at /home/vu/.vscode/extensions/ms-python.python-2021.10.1365161279/out/client/extension.js:9:113719
	at async s.provideHover (/opt/visual-studio-code/resources/app/out/vs/workbench/services/extensions/node/extensionHostProcess.js:94:170095)
[2021-10-28 22:13:31.986] [exthost] [error] [ms-python.python] provider FAILED
[2021-10-28 22:13:31.986] [exthost] [error] Canceled: Canceled
	at _.makeCancelError (/home/vu/.vscode/extensions/ms-python.python-2021.10.1365161279/out/client/extension.js:9:153526)
	at _.handleFailedRequest (/home/vu/.vscode/extensions/ms-python.python-2021.10.1365161279/out/client/extension.js:9:153377)
	at /home/vu/.vscode/extensions/ms-python.python-2021.10.1365161279/out/client/extension.js:9:113719
	at async s.provideHover (/opt/visual-studio-code/resources/app/out/vs/workbench/services/extensions/node/extensionHostProcess.js:94:170095)
[2021-10-28 22:13:51.419] [exthost] [info] extension host terminating: renderer closed the socket
[2021-10-28 22:13:52.436] [exthost] [info] exiting with code 0
