00:00:00.001011 VirtualBox DHCP Server 6.1.28 r147628 linux.amd64 (Oct 20 2021 21:54:22) release log
00:00:00.001012 Log opened 2021-10-29T10:18:01.561585000Z
00:00:00.001012 Build Type: release
00:00:00.001013 OS Product: Linux
00:00:00.001014 OS Release: 5.14.14-arch1-1
00:00:00.001014 OS Version: #1 SMP PREEMPT Wed, 20 Oct 2021 21:35:18 +0000
00:00:00.001026 DMI Product Name: 81Y4
00:00:00.001029 DMI Product Version: IdeaPad Gaming 3 15IMH05
00:00:00.001031 Firmware type: UEFI
00:00:00.001859 Secure Boot: Disabled
00:00:00.001890 Host RAM: 7817MB (7.6GB) total, 4217MB (4.1GB) available
00:00:00.001892 Executable: /usr/lib/virtualbox/VBoxNetDHCP
00:00:00.001892 Process ID: 55415
00:00:00.001893 Package type: LINUX_64BITS_GENERIC (OSE)
00:00:00.001938 --config:  HostInterfaceNetworking-vboxnet0
00:00:00.001941 --comment: HostInterfaceNetworking-vboxnet0
00:00:00.002008 IP address:   192.168.56.100/24
00:00:00.002012 Address pool: 192.168.56.101 - 192.168.56.254
00:00:00.002026 MAC address is not specified: will use generated MAC 08:00:27:c6:0e:d6
00:00:00.002029 Db::i_enterFixedAddressAssignment: 08:00:27:c6:0e:d6: 192.168.56.100
00:00:00.002031 loading leases from /home/vu/.config/VirtualBox/HostInterfaceNetworking-vboxnet0-Dhcpd.leases
00:00:00.002051 > LOAD: EXPIRED lease 192.168.56.101 to 08:00:27:4e:fa:57, expired, valid from 2021-10-29T09:23:16Z for 600s until 2021-10-29T09:33:16Z
00:00:07.499661 DISCOVER xid 0x00001155 chaddr 08:00:27:4e:fa:57
00:00:07.499682  ciaddr 0.0.0.0
00:00:07.499686  params { 1 3 6 28 }
00:00:07.499692 > allocateAddress to client 08:00:27:4e:fa:57
00:00:07.499694 > ... found existing binding 192.168.56.101 to 08:00:27:4e:fa:57, expired, valid from 2021-10-29T09:23:16Z for 600s until 2021-10-29T09:33:16Z
00:00:07.499700 Lease time 600 secs (default)
00:00:07.499702 >>> requested option 1 (SubnetMask)
00:00:07.499704 ... always supplied
00:00:07.499705 >>> requested option 3 (Routers)
00:00:07.499706 ... not found
00:00:07.499707 >>> requested option 6 (DNSes)
00:00:07.499708 ... not found
00:00:07.499709 >>> requested option 28 (BroadcastAddress)
00:00:07.499710 ... not found
00:00:07.499713 encoding option 1 (SubnetMask)
00:00:07.499714 encoding option 51 (LeaseTime)
00:00:07.499715 OFFER xid 0x00001155 chaddr 08:00:27:4e:fa:57
00:00:07.499718  ciaddr 0.0.0.0 yiaddr 192.168.56.101
00:00:07.499722 encoded message: 548 bytes
00:00:07.499723 00007fbc600011d0/0000: 02 01 06 00 55 11 00 00-00 00 00 00 00 00 00 00 ....U...........
00:00:07.499727 00007fbc600011e0/0010: c0 a8 38 65 00 00 00 00-00 00 00 00 08 00 27 4e ..8e..........'N
00:00:07.499728 00007fbc600011f0/0020: fa 57 00 00 00 00 00 00-00 00 00 00 00 00 00 00 .W..............
00:00:07.499729 00007fbc60001200/0030: 00 00 00 00 00 00 00 00-00 00 00 00 00 00 00 00 ................
00:00:07.499730 00007fbc60001210/0040: 00 00 00 00 00 00 00 00-00 00 00 00 00 00 00 00 ................
00:00:07.499731 00007fbc60001220/0050: 00 00 00 00 00 00 00 00-00 00 00 00 00 00 00 00 ................
00:00:07.499732 00007fbc60001230/0060: 00 00 00 00 00 00 00 00-00 00 00 00 00 00 00 00 ................
00:00:07.499733 00007fbc60001240/0070: 00 00 00 00 00 00 00 00-00 00 00 00 00 00 00 00 ................
00:00:07.499734 00007fbc60001250/0080: 00 00 00 00 00 00 00 00-00 00 00 00 00 00 00 00 ................
00:00:07.499736 00007fbc60001260/0090: 00 00 00 00 00 00 00 00-00 00 00 00 00 00 00 00 ................
00:00:07.499737 00007fbc60001270/00a0: 00 00 00 00 00 00 00 00-00 00 00 00 00 00 00 00 ................
00:00:07.499738 00007fbc60001280/00b0: 00 00 00 00 00 00 00 00-00 00 00 00 00 00 00 00 ................
00:00:07.499739 00007fbc60001290/00c0: 00 00 00 00 00 00 00 00-00 00 00 00 00 00 00 00 ................
00:00:07.499740 00007fbc600012a0/00d0: 00 00 00 00 00 00 00 00-00 00 00 00 00 00 00 00 ................
00:00:07.499741 00007fbc600012b0/00e0: 00 00 00 00 00 00 00 00-00 00 00 00 63 82 53 63 ............c.Sc
00:00:07.499742 00007fbc600012c0/00f0: 36 04 c0 a8 38 64 35 01-02 01 04 ff ff ff 00 33 6...8d5........3
00:00:07.499743 00007fbc600012d0/0100: 04 00 00 02 58 ff 00 00-00 00 00 00 00 00 00 00 ....X...........
00:00:07.499744 00007fbc600012e0/0110: 00 00 00 00 00 00 00 00-00 00 00 00 00 00 00 00 ................
00:00:07.499745 00007fbc600012f0/0120: 00 00 00 00 00 00 00 00-00 00 00 00 00 00 00 00 ................
00:00:07.499746 00007fbc60001300/0130: 00 00 00 00 00 00 00 00-00 00 00 00 00 00 00 00 ................
00:00:07.499747 00007fbc60001310/0140: 00 00 00 00 00 00 00 00-00 00 00 00 00 00 00 00 ................
00:00:07.499749 00007fbc60001320/0150: 00 00 00 00 00 00 00 00-00 00 00 00 00 00 00 00 ................
00:00:07.499750 00007fbc60001330/0160: 00 00 00 00 00 00 00 00-00 00 00 00 00 00 00 00 ................
00:00:07.499751 00007fbc60001340/0170: 00 00 00 00 00 00 00 00-00 00 00 00 00 00 00 00 ................
00:00:07.499752 00007fbc60001350/0180: 00 00 00 00 00 00 00 00-00 00 00 00 00 00 00 00 ................
00:00:07.499753 00007fbc60001360/0190: 00 00 00 00 00 00 00 00-00 00 00 00 00 00 00 00 ................
00:00:07.499754 00007fbc60001370/01a0: 00 00 00 00 00 00 00 00-00 00 00 00 00 00 00 00 ................
00:00:07.499755 00007fbc60001380/01b0: 00 00 00 00 00 00 00 00-00 00 00 00 00 00 00 00 ................
00:00:07.499756 00007fbc60001390/01c0: 00 00 00 00 00 00 00 00-00 00 00 00 00 00 00 00 ................
00:00:07.499757 00007fbc600013a0/01d0: 00 00 00 00 00 00 00 00-00 00 00 00 00 00 00 00 ................
00:00:07.499758 00007fbc600013b0/01e0: 00 00 00 00 00 00 00 00-00 00 00 00 00 00 00 00 ................
00:00:07.499759 00007fbc600013c0/01f0: 00 00 00 00 00 00 00 00-00 00 00 00 00 00 00 00 ................
00:00:07.499760 00007fbc600013d0/0200: 00 00 00 00 00 00 00 00-00 00 00 00 00 00 00 00 ................
00:00:07.499761 00007fbc600013e0/0210: 00 00 00 00 00 00 00 00-00 00 00 00 00 00 00 00 ................
00:00:07.499762 00007fbc600013f0/0220: 00 00 00 00                                     ....
00:00:07.500045 REQUEST xid 0x00001156 chaddr 08:00:27:4e:fa:57
00:00:07.500049  ciaddr 0.0.0.0
00:00:07.500052  for server 192.168.56.100 requested address 192.168.56.101
00:00:07.500055  params { 1 3 6 28 }
00:00:07.500060   54: c0 a8 38 64
00:00:07.500062 > allocateAddress 192.168.56.101 to client 08:00:27:4e:fa:57
00:00:07.500064 > ... found existing binding 192.168.56.101 to 08:00:27:4e:fa:57, offered, valid from 2021-10-29T10:18:09Z for 600s until 2021-10-29T10:28:09Z
00:00:07.500067 Lease time 600 secs (default)
00:00:07.500069 writing leases to /home/vu/.config/VirtualBox/HostInterfaceNetworking-vboxnet0-Dhcpd.leases
00:00:07.502064 >>> requested option 1 (SubnetMask)
00:00:07.502068 ... always supplied
00:00:07.502069 >>> requested option 3 (Routers)
00:00:07.502070 ... not found
00:00:07.502071 >>> requested option 6 (DNSes)
00:00:07.502072 ... not found
00:00:07.502073 >>> requested option 28 (BroadcastAddress)
00:00:07.502074 ... not found
00:00:07.502076 encoding option 1 (SubnetMask)
00:00:07.502077 encoding option 51 (LeaseTime)
00:00:07.502078 ACK xid 0x00001156 chaddr 08:00:27:4e:fa:57
00:00:07.502082  ciaddr 0.0.0.0 yiaddr 192.168.56.101
00:00:07.502085 encoded message: 548 bytes
00:00:07.502085 00007fbc600011d0/0000: 02 01 06 00 56 11 00 00-00 00 00 00 00 00 00 00 ....V...........
00:00:07.502087 00007fbc600011e0/0010: c0 a8 38 65 00 00 00 00-00 00 00 00 08 00 27 4e ..8e..........'N
00:00:07.502088 00007fbc600011f0/0020: fa 57 00 00 00 00 00 00-00 00 00 00 00 00 00 00 .W..............
00:00:07.502089 00007fbc60001200/0030: 00 00 00 00 00 00 00 00-00 00 00 00 00 00 00 00 ................
00:00:07.502090 00007fbc60001210/0040: 00 00 00 00 00 00 00 00-00 00 00 00 00 00 00 00 ................
00:00:07.502091 00007fbc60001220/0050: 00 00 00 00 00 00 00 00-00 00 00 00 00 00 00 00 ................
00:00:07.502092 00007fbc60001230/0060: 00 00 00 00 00 00 00 00-00 00 00 00 00 00 00 00 ................
00:00:07.502093 00007fbc60001240/0070: 00 00 00 00 00 00 00 00-00 00 00 00 00 00 00 00 ................
00:00:07.502094 00007fbc60001250/0080: 00 00 00 00 00 00 00 00-00 00 00 00 00 00 00 00 ................
00:00:07.502095 00007fbc60001260/0090: 00 00 00 00 00 00 00 00-00 00 00 00 00 00 00 00 ................
00:00:07.502096 00007fbc60001270/00a0: 00 00 00 00 00 00 00 00-00 00 00 00 00 00 00 00 ................
00:00:07.502097 00007fbc60001280/00b0: 00 00 00 00 00 00 00 00-00 00 00 00 00 00 00 00 ................
00:00:07.502098 00007fbc60001290/00c0: 00 00 00 00 00 00 00 00-00 00 00 00 00 00 00 00 ................
00:00:07.502100 00007fbc600012a0/00d0: 00 00 00 00 00 00 00 00-00 00 00 00 00 00 00 00 ................
00:00:07.502101 00007fbc600012b0/00e0: 00 00 00 00 00 00 00 00-00 00 00 00 63 82 53 63 ............c.Sc
00:00:07.502102 00007fbc600012c0/00f0: 36 04 c0 a8 38 64 35 01-05 01 04 ff ff ff 00 33 6...8d5........3
00:00:07.502103 00007fbc600012d0/0100: 04 00 00 02 58 ff 00 00-00 00 00 00 00 00 00 00 ....X...........
00:00:07.502104 00007fbc600012e0/0110: 00 00 00 00 00 00 00 00-00 00 00 00 00 00 00 00 ................
00:00:07.502105 00007fbc600012f0/0120: 00 00 00 00 00 00 00 00-00 00 00 00 00 00 00 00 ................
00:00:07.502106 00007fbc60001300/0130: 00 00 00 00 00 00 00 00-00 00 00 00 00 00 00 00 ................
00:00:07.502107 00007fbc60001310/0140: 00 00 00 00 00 00 00 00-00 00 00 00 00 00 00 00 ................
00:00:07.502108 00007fbc60001320/0150: 00 00 00 00 00 00 00 00-00 00 00 00 00 00 00 00 ................
00:00:07.502109 00007fbc60001330/0160: 00 00 00 00 00 00 00 00-00 00 00 00 00 00 00 00 ................
00:00:07.502110 00007fbc60001340/0170: 00 00 00 00 00 00 00 00-00 00 00 00 00 00 00 00 ................
00:00:07.502111 00007fbc60001350/0180: 00 00 00 00 00 00 00 00-00 00 00 00 00 00 00 00 ................
00:00:07.502112 00007fbc60001360/0190: 00 00 00 00 00 00 00 00-00 00 00 00 00 00 00 00 ................
00:00:07.502113 00007fbc60001370/01a0: 00 00 00 00 00 00 00 00-00 00 00 00 00 00 00 00 ................
00:00:07.502115 00007fbc60001380/01b0: 00 00 00 00 00 00 00 00-00 00 00 00 00 00 00 00 ................
00:00:07.502116 00007fbc60001390/01c0: 00 00 00 00 00 00 00 00-00 00 00 00 00 00 00 00 ................
00:00:07.502117 00007fbc600013a0/01d0: 00 00 00 00 00 00 00 00-00 00 00 00 00 00 00 00 ................
00:00:07.502118 00007fbc600013b0/01e0: 00 00 00 00 00 00 00 00-00 00 00 00 00 00 00 00 ................
00:00:07.502119 00007fbc600013c0/01f0: 00 00 00 00 00 00 00 00-00 00 00 00 00 00 00 00 ................
00:00:07.502120 00007fbc600013d0/0200: 00 00 00 00 00 00 00 00-00 00 00 00 00 00 00 00 ................
00:00:07.502121 00007fbc600013e0/0210: 00 00 00 00 00 00 00 00-00 00 00 00 00 00 00 00 ................
00:00:07.502122 00007fbc600013f0/0220: 00 00 00 00                                     ....
