[Info  - 15:57:46.201] Reading sessions from keychain...
[Info  - 15:57:46.211] Getting sessions for all scopes...
[Info  - 15:57:46.211] Getting sessions for all scopes...
[Trace  - 15:57:46.211] Token acquired from secret storage.
[Info  - 15:57:46.211] Got stored sessions!
[Trace  - 15:57:46.211] Read the following session from the keychain with the following scopes: user:email
[Info  - 15:57:46.211] Got 1 verified sessions.
[Info  - 15:57:46.211] Got 1 sessions for all scopes...
[Info  - 15:57:46.211] Got 1 sessions for all scopes...
[Info  - 15:59:57.543] Getting sessions for repo,workflow...
[Info  - 15:59:57.543] Got 0 sessions for repo,workflow...
[Info  - 15:59:59.568] Logging in for the following scopes: repo workflow
[Trace  - 16:00:15.682] Handling Uri...
[Info  - 16:00:15.683] Exchanging code for token...
[Info  - 16:00:16.690] Token exchange success!
[Info  - 16:00:16.691] Getting user info...
[Info  - 16:00:17.205] Got account info!
[Info  - 16:00:17.205] Storing 2 sessions...
[Info  - 16:00:17.232] Reading sessions from keychain...
[Info  - 16:00:17.232] Stored 2 sessions!
[Info  - 16:00:17.232] Login success!
[Info  - 16:00:17.236] Getting sessions for all scopes...
[Trace  - 16:00:17.236] Token acquired from secret storage.
[Info  - 16:00:17.236] Got stored sessions!
[Trace  - 16:00:17.236] Read the following session from the keychain with the following scopes: user:email
[Trace  - 16:00:17.236] Read the following session from the keychain with the following scopes: repo,workflow
[Info  - 16:00:17.236] Got 2 verified sessions.
[Info  - 16:00:17.236] Got 2 sessions for all scopes...
[Info  - 16:02:02.325] Getting sessions for repo,workflow...
[Info  - 16:02:02.325] Got 1 sessions for repo,workflow...
