[2021-10-28 18:13:30.746] [exthost] [info] extension host started
[2021-10-28 18:13:30.784] [exthost] [info] ExtensionService#_doActivateExtension vscode.microsoft-authentication, startup: false, activationEvent: 'onAuthenticationRequest:microsoft'
[2021-10-28 18:13:30.784] [exthost] [info] ExtensionService#loadCommonJSModule file:///opt/visual-studio-code/resources/app/extensions/microsoft-authentication/dist/extension.js
[2021-10-28 18:13:30.790] [exthost] [info] ExtensionService#_doActivateExtension ms-toolsai.jupyter, startup: false, activationEvent: 'onLanguage:python'
[2021-10-28 18:13:30.790] [exthost] [info] ExtensionService#loadCommonJSModule file:///home/vu/.vscode/extensions/ms-toolsai.jupyter-2021.9.1101343141/out/client/extension
[2021-10-28 18:13:30.946] [exthost] [info] ExtensionService#_doActivateExtension vscode.debug-auto-launch, startup: true, activationEvent: '*'
[2021-10-28 18:13:30.946] [exthost] [info] ExtensionService#loadCommonJSModule file:///opt/visual-studio-code/resources/app/extensions/debug-auto-launch/dist/extension
[2021-10-28 18:13:30.947] [exthost] [info] ExtensionService#_doActivateExtension vscode.git, startup: true, activationEvent: '*', root cause: vscode.github
[2021-10-28 18:13:30.947] [exthost] [info] ExtensionService#loadCommonJSModule file:///opt/visual-studio-code/resources/app/extensions/git/dist/main
[2021-10-28 18:13:30.961] [exthost] [info] ExtensionService#_doActivateExtension TabNine.tabnine-vscode, startup: true, activationEvent: '*'
[2021-10-28 18:13:30.961] [exthost] [info] ExtensionService#loadCommonJSModule file:///home/vu/.vscode/extensions/tabnine.tabnine-vscode-3.4.33/out/extension
[2021-10-28 18:13:31.154] [exthost] [info] ExtensionService#_doActivateExtension vscode.configuration-editing, startup: false, activationEvent: 'onLanguage:jsonc'
[2021-10-28 18:13:31.154] [exthost] [info] ExtensionService#loadCommonJSModule file:///opt/visual-studio-code/resources/app/extensions/configuration-editing/dist/configurationEditingMain
[2021-10-28 18:13:31.156] [exthost] [info] ExtensionService#_doActivateExtension vscode.json-language-features, startup: false, activationEvent: 'onLanguage:jsonc'
[2021-10-28 18:13:31.156] [exthost] [info] ExtensionService#loadCommonJSModule file:///opt/visual-studio-code/resources/app/extensions/json-language-features/client/dist/node/jsonClientMain
[2021-10-28 18:13:31.165] [exthost] [info] ExtensionService#_doActivateExtension vscode.typescript-language-features, startup: false, activationEvent: 'onLanguage:jsonc'
[2021-10-28 18:13:31.165] [exthost] [info] ExtensionService#loadCommonJSModule file:///opt/visual-studio-code/resources/app/extensions/typescript-language-features/dist/extension
[2021-10-28 18:13:31.263] [exthost] [info] ExtensionService#_doActivateExtension vscode.github, startup: true, activationEvent: '*'
[2021-10-28 18:13:31.263] [exthost] [info] ExtensionService#loadCommonJSModule file:///opt/visual-studio-code/resources/app/extensions/github/dist/extension.js
[2021-10-28 18:13:31.265] [exthost] [info] ExtensionService#_doActivateExtension ms-vscode.js-debug, startup: false, activationEvent: 'onCommand:extension.js-debug.clearAutoAttachVariables'
[2021-10-28 18:13:31.266] [exthost] [info] ExtensionService#loadCommonJSModule file:///opt/visual-studio-code/resources/app/extensions/ms-vscode.js-debug/src/extension.js
[2021-10-28 18:13:31.385] [exthost] [info] eager extensions activated
[2021-10-28 18:13:31.394] [exthost] [info] ExtensionService#_doActivateExtension vscode.github-authentication, startup: false, activationEvent: 'onAuthenticationRequest:github'
[2021-10-28 18:13:31.394] [exthost] [info] ExtensionService#loadCommonJSModule file:///opt/visual-studio-code/resources/app/extensions/github-authentication/dist/extension.js
[2021-10-28 18:13:31.400] [exthost] [info] ExtensionService#_doActivateExtension vscode.emmet, startup: false, activationEvent: 'onStartupFinished'
[2021-10-28 18:13:31.400] [exthost] [info] ExtensionService#loadCommonJSModule file:///opt/visual-studio-code/resources/app/extensions/emmet/dist/node/emmetNodeMain
[2021-10-28 18:13:31.404] [exthost] [info] ExtensionService#_doActivateExtension vscode.merge-conflict, startup: false, activationEvent: 'onStartupFinished'
[2021-10-28 18:13:31.404] [exthost] [info] ExtensionService#loadCommonJSModule file:///opt/visual-studio-code/resources/app/extensions/merge-conflict/dist/mergeConflictMain
[2021-10-28 18:13:31.406] [exthost] [info] ExtensionService#_doActivateExtension esbenp.prettier-vscode, startup: false, activationEvent: 'onStartupFinished'
[2021-10-28 18:13:31.406] [exthost] [info] ExtensionService#loadCommonJSModule file:///home/vu/.vscode/extensions/esbenp.prettier-vscode-9.0.0/dist/extension
[2021-10-28 18:13:35.279] [exthost] [info] ExtensionService#_doActivateExtension ms-python.python, startup: false, activationEvent: 'api', root cause: ms-toolsai.jupyter
[2021-10-28 18:13:35.279] [exthost] [info] ExtensionService#loadCommonJSModule file:///home/vu/.vscode/extensions/ms-python.python-2021.10.1365161279/out/client/extension
[2021-10-28 18:13:35.345] [exthost] [info] ExtensionService#_doActivateExtension CoenraadS.bracket-pair-colorizer, startup: false, activationEvent: '*'
[2021-10-28 18:13:35.345] [exthost] [info] ExtensionService#loadCommonJSModule file:///home/vu/.vscode/extensions/coenraads.bracket-pair-colorizer-1.0.61/out/src/extension
[2021-10-28 18:13:35.358] [exthost] [info] ExtensionService#_doActivateExtension firsttris.vscode-jest-runner, startup: false, activationEvent: '*'
[2021-10-28 18:13:35.358] [exthost] [info] ExtensionService#loadCommonJSModule file:///home/vu/.vscode/extensions/firsttris.vscode-jest-runner-0.4.47/dist/extension
[2021-10-28 18:13:35.492] [exthost] [info] ExtensionService#_doActivateExtension formulahendry.code-runner, startup: false, activationEvent: 'onStartupFinished'
[2021-10-28 18:13:35.492] [exthost] [info] ExtensionService#loadCommonJSModule file:///home/vu/.vscode/extensions/formulahendry.code-runner-0.11.6/out/src/extension
[2021-10-28 18:13:35.512] [exthost] [info] ExtensionService#_doActivateExtension ritwickdey.LiveServer, startup: false, activationEvent: '*'
[2021-10-28 18:13:35.512] [exthost] [info] ExtensionService#loadCommonJSModule file:///home/vu/.vscode/extensions/ritwickdey.liveserver-5.6.1/out/src/extension
[2021-10-28 18:13:35.683] [exthost] [info] ExtensionService#_doActivateExtension ms-python.vscode-pylance, startup: false, activationEvent: 'onLanguage:python'
[2021-10-28 18:13:35.683] [exthost] [info] ExtensionService#loadCommonJSModule file:///home/vu/.vscode/extensions/ms-python.vscode-pylance-2021.10.3/dist/extension.bundle.js
[2021-10-28 18:15:07.259] [exthost] [error] [ms-python.python] provider FAILED
[2021-10-28 18:15:07.259] [exthost] [error] Canceled: Canceled
	at _.makeCancelError (/home/vu/.vscode/extensions/ms-python.python-2021.10.1365161279/out/client/extension.js:9:153526)
	at _.handleFailedRequest (/home/vu/.vscode/extensions/ms-python.python-2021.10.1365161279/out/client/extension.js:9:153377)
	at /home/vu/.vscode/extensions/ms-python.python-2021.10.1365161279/out/client/extension.js:9:113719
	at async s.provideHover (/opt/visual-studio-code/resources/app/out/vs/workbench/services/extensions/node/extensionHostProcess.js:94:170095)
[2021-10-28 18:16:03.584] [exthost] [error] [ms-python.python] provider FAILED
[2021-10-28 18:16:03.584] [exthost] [error] Canceled: Canceled
	at _.makeCancelError (/home/vu/.vscode/extensions/ms-python.python-2021.10.1365161279/out/client/extension.js:9:153526)
	at _.handleFailedRequest (/home/vu/.vscode/extensions/ms-python.python-2021.10.1365161279/out/client/extension.js:9:153377)
	at /home/vu/.vscode/extensions/ms-python.python-2021.10.1365161279/out/client/extension.js:9:113719
	at async s.provideHover (/opt/visual-studio-code/resources/app/out/vs/workbench/services/extensions/node/extensionHostProcess.js:94:170095)
[2021-10-28 18:17:22.949] [exthost] [error] [ms-python.python] provider FAILED
[2021-10-28 18:17:22.949] [exthost] [error] Canceled: Canceled
	at _.makeCancelError (/home/vu/.vscode/extensions/ms-python.python-2021.10.1365161279/out/client/extension.js:9:153526)
	at _.handleFailedRequest (/home/vu/.vscode/extensions/ms-python.python-2021.10.1365161279/out/client/extension.js:9:153377)
	at /home/vu/.vscode/extensions/ms-python.python-2021.10.1365161279/out/client/extension.js:9:113719
	at async s.provideHover (/opt/visual-studio-code/resources/app/out/vs/workbench/services/extensions/node/extensionHostProcess.js:94:170095)
[2021-10-28 18:18:52.355] [exthost] [info] extension host terminating: renderer closed the socket
[2021-10-28 18:18:53.368] [exthost] [info] exiting with code 0
