User belongs to experiment group 'pythonaa'
User belongs to experiment group 'pythonDiscoveryModuleWithoutWatcher'
User belongs to experiment group 'pythonTensorboardExperiment'
User belongs to experiment group 'PythonPyTorchProfiler'
User belongs to experiment group 'pythonDeprecatePythonPath'
User belongs to experiment group 'pythonRunFailedTestsButtonDisplayed'
User belongs to experiment group 'pythonRefreshTestsButtonDisplayed'
User belongs to experiment group 'pythonRememberDebugConfig'
> conda info --json
> /bin/python ~/.vscode/extensions/ms-python.python-2021.10.1365161279/pythonFiles/interpreterInfo.py
> /bin/python2 ~/.vscode/extensions/ms-python.python-2021.10.1365161279/pythonFiles/interpreterInfo.py
> /sbin/python ~/.vscode/extensions/ms-python.python-2021.10.1365161279/pythonFiles/interpreterInfo.py
> /sbin/python2 ~/.vscode/extensions/ms-python.python-2021.10.1365161279/pythonFiles/interpreterInfo.py
> /usr/bin/python ~/.vscode/extensions/ms-python.python-2021.10.1365161279/pythonFiles/interpreterInfo.py
> /usr/bin/python2 ~/.vscode/extensions/ms-python.python-2021.10.1365161279/pythonFiles/interpreterInfo.py
> /usr/sbin/python ~/.vscode/extensions/ms-python.python-2021.10.1365161279/pythonFiles/interpreterInfo.py
> /usr/sbin/python2 ~/.vscode/extensions/ms-python.python-2021.10.1365161279/pythonFiles/interpreterInfo.py
Python interpreter path: /bin/python
Starting Pylance language server.
> conda --version
> /bin/python -m autopep8 --diff ~/.config/qtile/config.py.17a147936470b44b305850fa3813441d.tmp
cwd: ~/.vscode/extensions/ms-python.python-2021.10.1365161279/out/client
> /bin/python -c "import autopep8"
> /bin/python -c "import autopep8"

Formatting with autopep8 failed.
You could either install the 'autopep8' formatter, turn it off or use another formatter.
Error: Module 'autopep8' not installed.
