[2021-10-28 22:14:08.090] [settingssync] [info] Using settings sync service https://vscode-sync.trafficmanager.net/
[2021-10-28 22:14:08.090] [settingssync] [info] Auto Sync is enabled.
[2021-10-28 22:14:08.090] [settingssync] [info] Auto Sync: Suspended until auth token is available.
[2021-10-28 22:14:09.413] [settingssync] [info] Auto Sync: Started
[2021-10-28 22:14:09.413] [settingssync] [info] Auto Sync: Triggered by Interval
[2021-10-28 22:14:10.542] [settingssync] [info] Settings: No changes found during synchronizing settings.
[2021-10-28 22:14:10.548] [settingssync] [info] Keybindings: No changes found during synchronizing keybindings.
[2021-10-28 22:14:10.550] [settingssync] [info] Snippets: No changes found during synchronizing snippets.
[2021-10-28 22:14:13.714] [settingssync] [info] GlobalState: Updated remote ui state
[2021-10-28 22:14:13.734] [settingssync] [info] GlobalState: Updated last synchronized ui state
[2021-10-28 22:14:13.808] [settingssync] [info] Extensions: No changes found during synchronizing extensions.
[2021-10-28 22:14:13.809] [settingssync] [info] Sync done. Took 3282ms
[2021-10-28 22:14:13.811] [settingssync] [info] Auto Sync: Triggered by Activity
[2021-10-28 22:14:13.987] [settingssync] [info] Settings: No changes found during synchronizing settings.
[2021-10-28 22:14:13.993] [settingssync] [info] Keybindings: No changes found during synchronizing keybindings.
[2021-10-28 22:14:13.996] [settingssync] [info] Snippets: No changes found during synchronizing snippets.
[2021-10-28 22:14:14.013] [settingssync] [info] GlobalState: No changes found during synchronizing ui state.
[2021-10-28 22:14:14.054] [settingssync] [info] Extensions: No changes found during synchronizing extensions.
[2021-10-28 22:14:14.054] [settingssync] [info] Sync done. Took 80ms
[2021-10-28 22:14:14.055] [settingssync] [info] Auto Sync: Triggered by Activity
[2021-10-28 22:14:14.187] [settingssync] [info] Settings: No changes found during synchronizing settings.
[2021-10-28 22:14:14.188] [settingssync] [info] Keybindings: No changes found during synchronizing keybindings.
[2021-10-28 22:14:14.189] [settingssync] [info] Snippets: No changes found during synchronizing snippets.
[2021-10-28 22:14:14.198] [settingssync] [info] GlobalState: No changes found during synchronizing ui state.
[2021-10-28 22:14:14.238] [settingssync] [info] Extensions: No changes found during synchronizing extensions.
[2021-10-28 22:14:14.239] [settingssync] [info] Sync done. Took 60ms
[2021-10-28 22:14:18.253] [settingssync] [info] Auto Sync: Triggered by Activity
[2021-10-28 22:14:18.455] [settingssync] [info] Settings: No changes found during synchronizing settings.
[2021-10-28 22:14:18.456] [settingssync] [info] Keybindings: No changes found during synchronizing keybindings.
[2021-10-28 22:14:18.457] [settingssync] [info] Snippets: No changes found during synchronizing snippets.
[2021-10-28 22:14:18.930] [settingssync] [info] GlobalState: Updated remote ui state
[2021-10-28 22:14:18.938] [settingssync] [info] GlobalState: Updated last synchronized ui state
[2021-10-28 22:14:19.002] [settingssync] [info] Extensions: No changes found during synchronizing extensions.
[2021-10-28 22:14:19.002] [settingssync] [info] Sync done. Took 550ms
[2021-10-28 22:14:35.874] [settingssync] [info] Auto Sync: Triggered by Activity
[2021-10-28 22:14:36.018] [settingssync] [info] Settings: No changes found during synchronizing settings.
[2021-10-28 22:14:36.020] [settingssync] [info] Keybindings: No changes found during synchronizing keybindings.
[2021-10-28 22:14:36.021] [settingssync] [info] Snippets: No changes found during synchronizing snippets.
[2021-10-28 22:14:36.031] [settingssync] [info] GlobalState: No changes found during synchronizing ui state.
[2021-10-28 22:14:36.079] [settingssync] [info] Extensions: No changes found during synchronizing extensions.
[2021-10-28 22:14:36.079] [settingssync] [info] Sync done. Took 81ms
[2021-10-28 22:14:48.936] [settingssync] [info] Auto Sync: Triggered by Activity
[2021-10-28 22:14:49.124] [settingssync] [info] Settings: No changes found during synchronizing settings.
[2021-10-28 22:14:49.130] [settingssync] [info] Keybindings: No changes found during synchronizing keybindings.
[2021-10-28 22:14:49.134] [settingssync] [info] Snippets: No changes found during synchronizing snippets.
[2021-10-28 22:14:49.149] [settingssync] [info] GlobalState: No changes found during synchronizing ui state.
[2021-10-28 22:14:49.194] [settingssync] [info] Extensions: No changes found during synchronizing extensions.
[2021-10-28 22:14:49.195] [settingssync] [info] Sync done. Took 89ms
[2021-10-28 22:15:54.121] [settingssync] [info] Auto Sync: Triggered by Activity
[2021-10-28 22:15:54.263] [settingssync] [info] Settings: No changes found during synchronizing settings.
[2021-10-28 22:15:54.268] [settingssync] [info] Keybindings: No changes found during synchronizing keybindings.
[2021-10-28 22:15:54.272] [settingssync] [info] Snippets: No changes found during synchronizing snippets.
[2021-10-28 22:15:54.282] [settingssync] [info] GlobalState: No changes found during synchronizing ui state.
[2021-10-28 22:15:54.317] [settingssync] [info] Extensions: No changes found during synchronizing extensions.
[2021-10-28 22:15:54.318] [settingssync] [info] Sync done. Took 63ms
[2021-10-28 22:16:17.914] [settingssync] [info] Auto Sync: Triggered by Activity
[2021-10-28 22:16:18.108] [settingssync] [info] Settings: No changes found during synchronizing settings.
[2021-10-28 22:16:18.111] [settingssync] [info] Keybindings: No changes found during synchronizing keybindings.
[2021-10-28 22:16:18.113] [settingssync] [info] Snippets: No changes found during synchronizing snippets.
[2021-10-28 22:16:18.129] [settingssync] [info] GlobalState: No changes found during synchronizing ui state.
[2021-10-28 22:16:18.175] [settingssync] [info] Extensions: No changes found during synchronizing extensions.
[2021-10-28 22:16:18.175] [settingssync] [info] Sync done. Took 101ms
[2021-10-28 22:16:31.634] [settingssync] [info] Auto Sync: Triggered by Activity
[2021-10-28 22:16:31.767] [settingssync] [info] Settings: No changes found during synchronizing settings.
[2021-10-28 22:16:31.769] [settingssync] [info] Keybindings: No changes found during synchronizing keybindings.
[2021-10-28 22:16:31.770] [settingssync] [info] Snippets: No changes found during synchronizing snippets.
[2021-10-28 22:16:31.779] [settingssync] [info] GlobalState: No changes found during synchronizing ui state.
[2021-10-28 22:16:31.817] [settingssync] [info] Extensions: No changes found during synchronizing extensions.
[2021-10-28 22:16:31.818] [settingssync] [info] Sync done. Took 52ms
[2021-10-28 22:17:03.092] [settingssync] [info] Auto Sync: Triggered by Activity
[2021-10-28 22:17:03.241] [settingssync] [info] Settings: No changes found during synchronizing settings.
[2021-10-28 22:17:03.246] [settingssync] [info] Keybindings: No changes found during synchronizing keybindings.
[2021-10-28 22:17:03.252] [settingssync] [info] Snippets: No changes found during synchronizing snippets.
[2021-10-28 22:17:03.262] [settingssync] [info] GlobalState: No changes found during synchronizing ui state.
[2021-10-28 22:17:03.303] [settingssync] [info] Extensions: No changes found during synchronizing extensions.
[2021-10-28 22:17:03.306] [settingssync] [info] Sync done. Took 74ms
[2021-10-28 22:17:34.573] [settingssync] [info] Auto Sync: Triggered by Activity
[2021-10-28 22:17:34.729] [settingssync] [info] Settings: No changes found during synchronizing settings.
[2021-10-28 22:17:34.730] [settingssync] [info] Keybindings: No changes found during synchronizing keybindings.
[2021-10-28 22:17:34.731] [settingssync] [info] Snippets: No changes found during synchronizing snippets.
[2021-10-28 22:17:34.741] [settingssync] [info] GlobalState: No changes found during synchronizing ui state.
[2021-10-28 22:17:34.785] [settingssync] [info] Extensions: No changes found during synchronizing extensions.
[2021-10-28 22:17:34.785] [settingssync] [info] Sync done. Took 80ms
[2021-10-28 22:20:01.376] [settingssync] [info] Auto Sync: Triggered by Activity
[2021-10-28 22:20:01.758] [settingssync] [info] Settings: No changes found during synchronizing settings.
[2021-10-28 22:20:01.762] [settingssync] [info] Keybindings: No changes found during synchronizing keybindings.
[2021-10-28 22:20:01.767] [settingssync] [info] Snippets: No changes found during synchronizing snippets.
[2021-10-28 22:20:01.777] [settingssync] [info] GlobalState: No changes found during synchronizing ui state.
[2021-10-28 22:20:01.813] [settingssync] [info] Extensions: No changes found during synchronizing extensions.
[2021-10-28 22:20:01.813] [settingssync] [info] Sync done. Took 66ms
[2021-10-28 22:24:16.626] [settingssync] [info] Auto Sync: Triggered by Activity
[2021-10-28 22:24:16.992] [settingssync] [info] Settings: No changes found during synchronizing settings.
[2021-10-28 22:24:16.997] [settingssync] [info] Keybindings: No changes found during synchronizing keybindings.
[2021-10-28 22:24:17.002] [settingssync] [info] Snippets: No changes found during synchronizing snippets.
[2021-10-28 22:24:17.026] [settingssync] [info] GlobalState: No changes found during synchronizing ui state.
[2021-10-28 22:24:17.065] [settingssync] [info] Extensions: No changes found during synchronizing extensions.
[2021-10-28 22:24:17.067] [settingssync] [info] Sync done. Took 84ms
[2021-10-28 22:24:27.411] [settingssync] [info] Auto Sync: Triggered by Activity
[2021-10-28 22:24:27.599] [settingssync] [info] Settings: No changes found during synchronizing settings.
[2021-10-28 22:24:27.601] [settingssync] [info] Keybindings: No changes found during synchronizing keybindings.
[2021-10-28 22:24:27.603] [settingssync] [info] Snippets: No changes found during synchronizing snippets.
[2021-10-28 22:24:27.611] [settingssync] [info] GlobalState: No changes found during synchronizing ui state.
[2021-10-28 22:24:27.653] [settingssync] [info] Extensions: No changes found during synchronizing extensions.
[2021-10-28 22:24:27.654] [settingssync] [info] Sync done. Took 87ms
[2021-10-28 22:24:40.032] [settingssync] [info] Auto Sync: Triggered by Activity
[2021-10-28 22:24:40.170] [settingssync] [info] Settings: No changes found during synchronizing settings.
[2021-10-28 22:24:40.172] [settingssync] [info] Keybindings: No changes found during synchronizing keybindings.
[2021-10-28 22:24:40.174] [settingssync] [info] Snippets: No changes found during synchronizing snippets.
[2021-10-28 22:24:40.186] [settingssync] [info] GlobalState: No changes found during synchronizing ui state.
[2021-10-28 22:24:40.222] [settingssync] [info] Extensions: No changes found during synchronizing extensions.
[2021-10-28 22:24:40.222] [settingssync] [info] Sync done. Took 54ms
[2021-10-28 22:25:08.014] [settingssync] [info] Auto Sync: Triggered by Activity
[2021-10-28 22:25:08.157] [settingssync] [info] Settings: No changes found during synchronizing settings.
[2021-10-28 22:25:08.162] [settingssync] [info] Keybindings: No changes found during synchronizing keybindings.
[2021-10-28 22:25:08.167] [settingssync] [info] Snippets: No changes found during synchronizing snippets.
[2021-10-28 22:25:08.191] [settingssync] [info] GlobalState: No changes found during synchronizing ui state.
[2021-10-28 22:25:08.231] [settingssync] [info] Extensions: No changes found during synchronizing extensions.
[2021-10-28 22:25:08.232] [settingssync] [info] Sync done. Took 84ms
