[2021-10-28 18:11:48.517] [sharedprocess] [info] [logs cleanup]: Starting to clean up old logs.
[2021-10-28 18:12:08.263] [sharedprocess] [info] Installing extension: ms-python.python
[2021-10-28 18:12:08.518] [sharedprocess] [info] [code cache cleanup]: Starting to clean up old code cache folders.
[2021-10-28 18:12:08.519] [sharedprocess] [info] [storage cleanup]: Starting to clean up storage folders.
[2021-10-28 18:12:08.520] [sharedprocess] [info] [storage cleanup]: Deleting storage folder 1635416048792.
[2021-10-28 18:12:13.046] [sharedprocess] [info] Installing extension: ms-toolsai.jupyter
[2021-10-28 18:12:13.046] [sharedprocess] [info] Installing extension: ms-toolsai.jupyter-keymap
[2021-10-28 18:12:13.047] [sharedprocess] [info] Installing extension: ms-toolsai.jupyter-renderers
[2021-10-28 18:12:13.047] [sharedprocess] [info] Installing extension: ms-python.vscode-pylance
[2021-10-28 18:12:15.555] [sharedprocess] [info] Downloaded extension: ms-toolsai.jupyter-keymap /home/vu/.config/Code/CachedExtensionVSIXs/ms-toolsai.jupyter-keymap-1.0.0
[2021-10-28 18:12:15.602] [sharedprocess] [info] Extracted extension to /home/vu/.vscode/extensions/.cfe4f3d3-cc7e-4313-ae18-80fed4464ab4: ms-toolsai.jupyter-keymap
[2021-10-28 18:12:15.604] [sharedprocess] [info] Renamed to /home/vu/.vscode/extensions/ms-toolsai.jupyter-keymap-1.0.0
[2021-10-28 18:12:15.605] [sharedprocess] [info] Extracting completed. ms-toolsai.jupyter-keymap
[2021-10-28 18:12:17.351] [sharedprocess] [info] Downloaded extension: ms-toolsai.jupyter-renderers /home/vu/.config/Code/CachedExtensionVSIXs/ms-toolsai.jupyter-renderers-1.0.3
[2021-10-28 18:12:17.457] [sharedprocess] [info] Extracted extension to /home/vu/.vscode/extensions/.3a16f348-6084-49fa-b6e6-f9a44a346628: ms-toolsai.jupyter-renderers
[2021-10-28 18:12:17.460] [sharedprocess] [info] Renamed to /home/vu/.vscode/extensions/ms-toolsai.jupyter-renderers-1.0.3
[2021-10-28 18:12:17.461] [sharedprocess] [info] Extracting completed. ms-toolsai.jupyter-renderers
[2021-10-28 18:12:18.517] [sharedprocess] [info] [language pack cache cleanup]: Starting to clean up unused language packs.
[2021-10-28 18:12:20.146] [sharedprocess] [info] Downloaded extension: ms-python.python /home/vu/.config/Code/CachedExtensionVSIXs/ms-python.python-2021.10.1365161279
[2021-10-28 18:12:20.203] [sharedprocess] [info] Downloaded extension: ms-toolsai.jupyter /home/vu/.config/Code/CachedExtensionVSIXs/ms-toolsai.jupyter-2021.9.1101343141
[2021-10-28 18:12:20.689] [sharedprocess] [info] Extracted extension to /home/vu/.vscode/extensions/.76964362-b177-4042-bf09-c2dd1a00af78: ms-toolsai.jupyter
[2021-10-28 18:12:20.701] [sharedprocess] [info] Renamed to /home/vu/.vscode/extensions/ms-toolsai.jupyter-2021.9.1101343141
[2021-10-28 18:12:20.705] [sharedprocess] [info] Extracting completed. ms-toolsai.jupyter
[2021-10-28 18:12:21.341] [sharedprocess] [info] Extracted extension to /home/vu/.vscode/extensions/.bb2287e1-2c6c-4737-890b-1d26aa26a984: ms-python.python
[2021-10-28 18:12:21.361] [sharedprocess] [info] Renamed to /home/vu/.vscode/extensions/ms-python.python-2021.10.1365161279
[2021-10-28 18:12:21.364] [sharedprocess] [info] Extracting completed. ms-python.python
[2021-10-28 18:12:26.546] [sharedprocess] [info] Downloaded extension: ms-python.vscode-pylance /home/vu/.config/Code/CachedExtensionVSIXs/ms-python.vscode-pylance-2021.10.3
[2021-10-28 18:12:27.900] [sharedprocess] [info] Extracted extension to /home/vu/.vscode/extensions/.929aa658-c7f8-4459-ab7f-7b7bb2d27f86: ms-python.vscode-pylance
[2021-10-28 18:12:27.917] [sharedprocess] [info] Renamed to /home/vu/.vscode/extensions/ms-python.vscode-pylance-2021.10.3
[2021-10-28 18:12:27.918] [sharedprocess] [info] Extracting completed. ms-python.vscode-pylance
[2021-10-28 18:12:27.925] [sharedprocess] [info] Extension installed successfully: ms-toolsai.jupyter-keymap
[2021-10-28 18:12:27.925] [sharedprocess] [info] Extension installed successfully: ms-toolsai.jupyter-renderers
[2021-10-28 18:12:27.926] [sharedprocess] [info] Extension installed successfully: ms-toolsai.jupyter
[2021-10-28 18:12:27.926] [sharedprocess] [info] Extension installed successfully: ms-python.python
[2021-10-28 18:12:27.926] [sharedprocess] [info] Extension installed successfully: ms-python.vscode-pylance
