[2021-10-28 18:11:38.558] [settingssync] [info] Using settings sync service https://vscode-sync.trafficmanager.net/
[2021-10-28 18:11:38.558] [settingssync] [info] Auto Sync is enabled.
[2021-10-28 18:11:38.558] [settingssync] [info] Auto Sync: Suspended until auth token is available.
[2021-10-28 18:11:45.395] [settingssync] [info] Auto Sync: Started
[2021-10-28 18:11:45.396] [settingssync] [info] Auto Sync: Triggered by Interval
[2021-10-28 18:11:46.841] [settingssync] [info] Settings: No changes found during synchronizing settings.
[2021-10-28 18:11:46.854] [settingssync] [info] Keybindings: No changes found during synchronizing keybindings.
[2021-10-28 18:11:46.856] [settingssync] [info] Snippets: No changes found during synchronizing snippets.
[2021-10-28 18:11:48.958] [settingssync] [info] GlobalState: Updated remote ui state
[2021-10-28 18:11:48.962] [settingssync] [info] GlobalState: Updated last synchronized ui state
[2021-10-28 18:11:49.036] [settingssync] [info] Extensions: No changes found during synchronizing extensions.
[2021-10-28 18:11:49.036] [settingssync] [info] Sync done. Took 2219ms
[2021-10-28 18:11:49.037] [settingssync] [info] Auto Sync: Triggered by Activity
[2021-10-28 18:11:49.179] [settingssync] [info] Settings: No changes found during synchronizing settings.
[2021-10-28 18:11:49.184] [settingssync] [info] Keybindings: No changes found during synchronizing keybindings.
[2021-10-28 18:11:49.190] [settingssync] [info] Snippets: No changes found during synchronizing snippets.
[2021-10-28 18:11:49.197] [settingssync] [info] GlobalState: No changes found during synchronizing ui state.
[2021-10-28 18:11:49.234] [settingssync] [info] Extensions: No changes found during synchronizing extensions.
[2021-10-28 18:11:49.235] [settingssync] [info] Sync done. Took 65ms
[2021-10-28 18:12:00.016] [settingssync] [info] Auto Sync: Triggered by Activity
[2021-10-28 18:12:00.150] [settingssync] [info] Settings: No changes found during synchronizing settings.
[2021-10-28 18:12:00.152] [settingssync] [info] Keybindings: No changes found during synchronizing keybindings.
[2021-10-28 18:12:00.154] [settingssync] [info] Snippets: No changes found during synchronizing snippets.
[2021-10-28 18:12:02.261] [settingssync] [info] GlobalState: Updated remote ui state
[2021-10-28 18:12:02.265] [settingssync] [info] GlobalState: Updated last synchronized ui state
[2021-10-28 18:12:02.299] [settingssync] [info] Extensions: No changes found during synchronizing extensions.
[2021-10-28 18:12:02.300] [settingssync] [info] Sync done. Took 2153ms
[2021-10-28 18:12:09.557] [settingssync] [info] Auto Sync: Triggered by Activity
[2021-10-28 18:12:09.712] [settingssync] [info] Settings: No changes found during synchronizing settings.
[2021-10-28 18:12:09.714] [settingssync] [info] Keybindings: No changes found during synchronizing keybindings.
[2021-10-28 18:12:09.715] [settingssync] [info] Snippets: No changes found during synchronizing snippets.
[2021-10-28 18:12:10.715] [settingssync] [info] GlobalState: Updated remote ui state
[2021-10-28 18:12:10.721] [settingssync] [info] GlobalState: Updated last synchronized ui state
[2021-10-28 18:12:10.762] [settingssync] [info] Extensions: No changes found during synchronizing extensions.
[2021-10-28 18:12:10.763] [settingssync] [info] Sync done. Took 1056ms
[2021-10-28 18:12:31.394] [settingssync] [info] Auto Sync: Triggered by Activity
[2021-10-28 18:12:31.796] [settingssync] [info] Settings: No changes found during synchronizing settings.
[2021-10-28 18:12:31.799] [settingssync] [info] Keybindings: No changes found during synchronizing keybindings.
[2021-10-28 18:12:31.802] [settingssync] [info] Snippets: No changes found during synchronizing snippets.
[2021-10-28 18:12:32.133] [settingssync] [info] GlobalState: Updated remote ui state
[2021-10-28 18:12:32.141] [settingssync] [info] GlobalState: Updated last synchronized ui state
[2021-10-28 18:12:32.413] [settingssync] [info] Extensions: Updated remote extensions. Added: ["ms-python.python","ms-python.vscode-pylance","ms-toolsai.jupyter","ms-toolsai.jupyter-keymap","ms-toolsai.jupyter-renderers"].
[2021-10-28 18:12:32.449] [settingssync] [info] Extensions: Updated last synchronized extensions.
[2021-10-28 18:12:32.450] [settingssync] [info] Sync done. Took 672ms
