Info 2021-10-28 18:13:31: Experimentation service retrieved: [object Object]
User belongs to experiment group 'jupyterTest'
User belongs to experiment group 'jupyterEnhancedDataViewer'
Info 2021-10-28 18:13:31: ZMQ install verified.
Info 2021-10-28 18:13:35: Experiment status for python is {"enabled":true,"optInto":[],"optOutFrom":[]}
Info 2021-10-28 18:13:35: Process Execution: > /bin/python -m pip list
> /bin/python -m pip list
Info 2021-10-28 18:13:35: Process Execution: > /bin/python -m pip list
> /bin/python -m pip list
Info 2021-10-28 18:13:35: Process Execution: > /bin/python -c "import jupyter"
> /bin/python -c "import jupyter"
Info 2021-10-28 18:13:35: Process Execution: > /bin/python -c "import jupyter"
> /bin/python -c "import jupyter"
Info 2021-10-28 18:13:35: Process Execution: > /bin/python -c "import notebook"
> /bin/python -c "import notebook"
Info 2021-10-28 18:13:35: Process Execution: > /bin/python -c "import notebook"
> /bin/python -c "import notebook"
Info 2021-10-28 18:18:52: Shutting down notebooks for ddab93c5-c0ec-489c-b4e7-6124a3e8ce8b
Info 2021-10-28 18:18:52: Disposing HostJupyterExecution 931f0e7e-fc34-4c25-b2e9-2c22c3dd6477
Info 2021-10-28 18:18:52: Disposing super HostJupyterExecution 931f0e7e-fc34-4c25-b2e9-2c22c3dd6477
Info 2021-10-28 18:18:52: Disposing HostJupyterExecution 931f0e7e-fc34-4c25-b2e9-2c22c3dd6477
Info 2021-10-28 18:18:52: Finished disposing HostJupyterExecution  931f0e7e-fc34-4c25-b2e9-2c22c3dd6477
Info 2021-10-28 18:18:52: Cleaning up server cache 931f0e7e-fc34-4c25-b2e9-2c22c3dd6477
Info 2021-10-28 18:18:52: Finished disposing HostJupyterExecution  931f0e7e-fc34-4c25-b2e9-2c22c3dd6477
