[Info  - 10:18:10.304] Reading sessions from keychain...
[Info  - 10:18:10.313] Getting sessions for all scopes...
[Info  - 10:18:10.315] Got 0 sessions for all scopes...
[Info  - 10:18:10.321] Getting sessions for all scopes...
[Info  - 10:18:10.321] Got 0 sessions for all scopes...
[Info  - 10:18:13.492] Getting sessions for all scopes...
[Info  - 10:18:13.492] Got 0 sessions for all scopes...
[Info  - 10:18:14.806] Getting sessions for all scopes...
[Info  - 10:18:14.807] Got 0 sessions for all scopes...
[Info  - 10:18:17.526] Getting sessions for all scopes...
[Info  - 10:18:17.526] Got 0 sessions for all scopes...
[Info  - 10:18:20.630] Getting sessions for all scopes...
[Info  - 10:18:20.631] Got 0 sessions for all scopes...
[Info  - 10:18:21.756] Logging in for the following scopes: user:email
[Trace  - 10:18:33.728] Handling Uri...
[Info  - 10:18:33.729] Exchanging code for token...
[Info  - 10:18:34.815] Token exchange success!
[Info  - 10:18:34.816] Getting user info...
[Info  - 10:18:35.478] Got account info!
[Info  - 10:18:35.478] Storing 1 sessions...
[Info  - 10:19:01.421] Reading sessions from keychain...
[Info  - 10:19:01.421] Stored 1 sessions!
[Info  - 10:19:01.421] Login success!
[Info  - 10:19:01.425] Getting sessions for all scopes...
[Info  - 10:19:01.425] Getting sessions for all scopes...
[Trace  - 10:19:01.425] Token acquired from secret storage.
[Info  - 10:19:01.425] Got stored sessions!
[Trace  - 10:19:01.426] Read the following session from the keychain with the following scopes: user:email
[Info  - 10:19:01.426] Got 1 verified sessions.
[Info  - 10:19:01.426] Got 1 sessions for all scopes...
[Info  - 10:19:01.426] Got 1 sessions for all scopes...
